6.77533578e-01
6.74505495e-01
6.77533578e-01
6.74505495e-01
6.74505495e-01
6.74505495e-01
6.73748474e-01
6.75262515e-01
6.76019536e-01
6.71477411e-01
6.76019536e-01
6.74505495e-01
6.83589744e-01
6.73748474e-01
6.73748474e-01
6.74505495e-01
6.73748474e-01
6.76776557e-01
6.74505495e-01
6.78290598e-01
6.71477411e-01
6.74505495e-01
6.72234432e-01
6.74505495e-01
6.75262515e-01
6.70720391e-01
6.72991453e-01
6.73748474e-01
6.72991453e-01
6.74505495e-01
6.74505495e-01
6.73748474e-01
6.75262515e-01
6.74505495e-01
6.74505495e-01
6.74505495e-01
6.72234432e-01
6.76776557e-01
6.73748474e-01
6.73748474e-01
6.77533578e-01
6.68449328e-01
6.72234432e-01
6.73748474e-01
6.74505495e-01
6.74505495e-01
6.74505495e-01
6.76776557e-01
6.71477411e-01
6.72234432e-01
6.72234432e-01
6.75262515e-01
6.70720391e-01
6.75262515e-01
6.70720391e-01
6.72234432e-01
6.74505495e-01
6.72234432e-01
6.75262515e-01
6.71477411e-01
6.77533578e-01
6.73748474e-01
6.74505495e-01
6.74505495e-01
6.74505495e-01
6.75262515e-01
6.73748474e-01
6.72234432e-01
6.73748474e-01
6.85103785e-01
6.80561661e-01
6.85103785e-01
6.73748474e-01
6.73748474e-01
6.85860806e-01
6.88888889e-01
6.82832723e-01
6.82075702e-01
6.87374847e-01
6.86617827e-01
6.83589744e-01
6.80561661e-01
6.85103785e-01
6.86617827e-01
6.88131868e-01
6.84346764e-01
6.85860806e-01
6.85103785e-01
6.84346764e-01
6.86617827e-01
6.84346764e-01
6.84346764e-01
6.81318681e-01
6.79804640e-01
6.83589744e-01
6.88131868e-01
6.83589744e-01
6.84346764e-01
6.86617827e-01
6.85860806e-01
6.81318681e-01
6.82832723e-01
6.83589744e-01
6.85860806e-01
6.82832723e-01
6.87374847e-01
6.82832723e-01
