7.18412698e-01
7.18412698e-01
7.20683761e-01
7.19169719e-01
7.14627595e-01
7.16898657e-01
7.13870574e-01
7.22197802e-01
7.18412698e-01
7.19169719e-01
7.19169719e-01
7.19926740e-01
7.19169719e-01
7.22954823e-01
7.16898657e-01
7.16898657e-01
7.18412698e-01
7.16898657e-01
7.23711844e-01
7.16898657e-01
7.18412698e-01
7.19926740e-01
7.16898657e-01
7.17655678e-01
7.17655678e-01
7.18412698e-01
7.19926740e-01
7.19169719e-01
7.16898657e-01
7.16898657e-01
7.25982906e-01
7.26739927e-01
7.18412698e-01
7.17655678e-01
7.17655678e-01
7.16898657e-01
7.18412698e-01
7.24468864e-01
7.19169719e-01
7.19169719e-01
7.22954823e-01
7.21440781e-01
7.18412698e-01
7.16898657e-01
7.17655678e-01
7.18412698e-01
7.20683761e-01
7.19926740e-01
7.17655678e-01
7.24468864e-01
7.29768010e-01
7.19169719e-01
7.18412698e-01
7.19169719e-01
7.19169719e-01
7.22954823e-01
7.22954823e-01
7.17655678e-01
7.19926740e-01
7.18412698e-01
7.20683761e-01
7.16898657e-01
7.19169719e-01
7.18412698e-01
7.16898657e-01
7.19169719e-01
7.21440781e-01
7.22197802e-01
7.10085470e-01
7.16898657e-01
7.22197802e-01
7.16898657e-01
7.17655678e-01
7.18412698e-01
7.16898657e-01
7.21440781e-01
7.19169719e-01
7.17655678e-01
7.22954823e-01
7.19169719e-01
7.19926740e-01
7.19169719e-01
7.16898657e-01
7.20683761e-01
7.19926740e-01
7.19169719e-01
7.17655678e-01
7.20683761e-01
7.21440781e-01
7.19169719e-01
7.17655678e-01
7.16898657e-01
7.20683761e-01
7.19926740e-01
7.17655678e-01
7.18412698e-01
7.18412698e-01
7.19926740e-01
7.18412698e-01
7.19926740e-01
7.18412698e-01
7.17655678e-01
7.19926740e-01
7.17655678e-01
7.22197802e-01
7.18412698e-01
7.29010989e-01
7.16141636e-01
7.18412698e-01
7.19169719e-01
7.19169719e-01
7.20683761e-01
