3.45958486e-01
3.57313797e-01
3.57313797e-01
3.45201465e-01
3.51257631e-01
3.42173382e-01
3.44444444e-01
3.45201465e-01
3.46715507e-01
3.44444444e-01
3.45201465e-01
3.45201465e-01
3.45201465e-01
3.48986569e-01
3.45958486e-01
3.44444444e-01
3.46715507e-01
3.46715507e-01
3.45201465e-01
3.45958486e-01
3.49743590e-01
3.44444444e-01
3.49743590e-01
3.45958486e-01
3.43687424e-01
3.46715507e-01
3.46715507e-01
3.58827839e-01
3.57313797e-01
3.53528694e-01
3.57313797e-01
3.56556777e-01
3.58070818e-01
3.58827839e-01
3.61098901e-01
3.64884005e-01
3.58827839e-01
3.50500611e-01
3.46715507e-01
3.45958486e-01
3.46715507e-01
3.46715507e-01
3.60341880e-01
3.57313797e-01
3.56556777e-01
3.60341880e-01
3.64884005e-01
3.53528694e-01
3.46715507e-01
3.45958486e-01
3.58827839e-01
3.66398046e-01
3.46715507e-01
3.49743590e-01
3.46715507e-01
3.49743590e-01
3.45958486e-01
3.45958486e-01
3.45201465e-01
3.44444444e-01
3.47472527e-01
3.47472527e-01
3.45958486e-01
3.50500611e-01
3.46715507e-01
3.60341880e-01
3.54285714e-01
3.57313797e-01
3.46715507e-01
3.47472527e-01
3.43687424e-01
3.48986569e-01
3.44444444e-01
3.60341880e-01
3.47472527e-01
3.45958486e-01
3.55799756e-01
3.44444444e-01
3.49743590e-01
3.47472527e-01
3.47472527e-01
3.47472527e-01
3.57313797e-01
3.58070818e-01
3.58070818e-01
3.46715507e-01
3.57313797e-01
3.58827839e-01
3.64884005e-01
3.53528694e-01
3.47472527e-01
3.50500611e-01
3.45201465e-01
3.58827839e-01
3.59584860e-01
3.59584860e-01
3.57313797e-01
3.47472527e-01
3.48229548e-01
3.48986569e-01
3.45958486e-01
3.47472527e-01
3.45958486e-01
3.47472527e-01
3.45958486e-01
3.40659341e-01
3.59584860e-01
3.56556777e-01
3.57313797e-01
3.50500611e-01
3.49743590e-01
3.47472527e-01
3.45958486e-01
3.48229548e-01
