4.02735043e-01
4.02735043e-01
4.00463980e-01
4.02735043e-01
4.13333333e-01
4.05763126e-01
4.05763126e-01
4.10305250e-01
4.01221001e-01
4.03492063e-01
4.01221001e-01
4.01221001e-01
4.02735043e-01
4.02735043e-01
4.04249084e-01
4.03492063e-01
4.01221001e-01
4.05006105e-01
4.03492063e-01
4.02735043e-01
4.05006105e-01
4.03492063e-01
4.02735043e-01
4.02735043e-01
4.02735043e-01
4.02735043e-01
4.04249084e-01
4.05763126e-01
4.03492063e-01
4.04249084e-01
4.05006105e-01
4.04249084e-01
4.05763126e-01
4.04249084e-01
4.20146520e-01
4.09548230e-01
4.05006105e-01
4.07277167e-01
3.98949939e-01
4.01978022e-01
4.05763126e-01
4.10305250e-01
4.04249084e-01
4.02735043e-01
4.05006105e-01
4.03492063e-01
4.02735043e-01
4.04249084e-01
4.01221001e-01
4.05763126e-01
4.04249084e-01
4.03492063e-01
4.02735043e-01
4.01221001e-01
4.05006105e-01
4.06520147e-01
4.01978022e-01
4.01978022e-01
4.03492063e-01
4.04249084e-01
4.03492063e-01
4.01978022e-01
4.01221001e-01
4.05763126e-01
4.02735043e-01
4.02735043e-01
4.03492063e-01
4.05006105e-01
4.03492063e-01
4.03492063e-01
4.03492063e-01
4.03492063e-01
4.01978022e-01
4.01978022e-01
4.02735043e-01
4.02735043e-01
4.01978022e-01
4.05763126e-01
4.03492063e-01
4.02735043e-01
4.06520147e-01
4.03492063e-01
4.04249084e-01
3.99706960e-01
4.01978022e-01
4.07277167e-01
4.01978022e-01
4.05763126e-01
4.01978022e-01
4.05006105e-01
4.04249084e-01
4.08034188e-01
4.09548230e-01
4.11062271e-01
4.09548230e-01
4.06520147e-01
4.03492063e-01
4.01978022e-01
4.02735043e-01
4.00463980e-01
4.01978022e-01
4.05006105e-01
4.01978022e-01
4.07277167e-01
4.05006105e-01
4.00463980e-01
4.00463980e-01
