1.14764347e+00
1.14915751e+00
1.15218559e+00
1.14840049e+00
1.15067155e+00
1.15067155e+00
1.14991453e+00
1.14991453e+00
1.15142857e+00
1.15067155e+00
1.14688645e+00
1.14915751e+00
1.14764347e+00
1.15369963e+00
1.14991453e+00
1.14915751e+00
1.14991453e+00
1.15218559e+00
1.14915751e+00
1.14612943e+00
1.14688645e+00
1.15067155e+00
1.14991453e+00
1.14991453e+00
1.15294261e+00
1.14537241e+00
1.15521368e+00
1.14688645e+00
1.14915751e+00
1.14991453e+00
1.15067155e+00
1.14991453e+00
1.14991453e+00
1.14385836e+00
1.15597070e+00
1.15748474e+00
1.14991453e+00
1.14915751e+00
1.14991453e+00
1.14915751e+00
1.15597070e+00
1.15218559e+00
1.14688645e+00
1.14915751e+00
1.14840049e+00
1.14764347e+00
1.14915751e+00
1.14461538e+00
1.14764347e+00
1.14764347e+00
1.14840049e+00
1.15067155e+00
1.14688645e+00
1.14764347e+00
1.14612943e+00
1.14991453e+00
1.15142857e+00
1.14991453e+00
1.14840049e+00
1.14991453e+00
1.15294261e+00
1.14840049e+00
1.15218559e+00
1.15067155e+00
1.14991453e+00
1.14991453e+00
1.14991453e+00
1.14991453e+00
1.15067155e+00
1.15294261e+00
1.14612943e+00
1.14991453e+00
1.14461538e+00
1.15067155e+00
1.15218559e+00
1.14915751e+00
1.14915751e+00
1.14840049e+00
1.14915751e+00
1.14688645e+00
1.14688645e+00
1.15218559e+00
1.14764347e+00
1.14915751e+00
1.14991453e+00
1.14840049e+00
1.14915751e+00
1.14688645e+00
1.14915751e+00
1.14991453e+00
1.15142857e+00
1.14385836e+00
1.14840049e+00
1.15597070e+00
1.14537241e+00
1.17262515e+00
1.14991453e+00
1.14688645e+00
1.15218559e+00
1.14991453e+00
1.15067155e+00
1.15142857e+00
1.15294261e+00
1.14915751e+00
1.14915751e+00
1.14764347e+00
1.15218559e+00
1.14764347e+00
1.14991453e+00
1.14991453e+00
1.14688645e+00
