6.64664225e-01
6.65421245e-01
6.66178266e-01
6.64664225e-01
6.62393162e-01
6.63150183e-01
6.63907204e-01
6.63150183e-01
6.63907204e-01
6.62393162e-01
6.63907204e-01
6.65421245e-01
6.61636142e-01
6.63907204e-01
6.58608059e-01
6.64664225e-01
6.63150183e-01
6.62393162e-01
6.62393162e-01
6.61636142e-01
6.66178266e-01
6.64664225e-01
6.65421245e-01
6.60122100e-01
6.64664225e-01
6.72234432e-01
6.60122100e-01
6.57094017e-01
6.63907204e-01
6.60879121e-01
6.64664225e-01
6.63907204e-01
6.62393162e-01
6.63150183e-01
6.61636142e-01
6.64664225e-01
6.62393162e-01
6.60879121e-01
6.61636142e-01
6.70720391e-01
6.61636142e-01
6.63150183e-01
6.65421245e-01
6.64664225e-01
6.63150183e-01
6.61636142e-01
6.57851038e-01
6.60879121e-01
6.67692308e-01
6.63150183e-01
6.62393162e-01
6.51794872e-01
6.51794872e-01
6.51037851e-01
6.65421245e-01
6.63150183e-01
6.63907204e-01
6.73748474e-01
6.75262515e-01
6.60879121e-01
6.63150183e-01
6.60879121e-01
6.51794872e-01
6.51037851e-01
6.66178266e-01
6.62393162e-01
6.63907204e-01
6.72234432e-01
6.63907204e-01
6.58608059e-01
6.49523810e-01
6.51037851e-01
6.45738706e-01
6.50280830e-01
6.63150183e-01
6.58608059e-01
6.63907204e-01
6.62393162e-01
6.63150183e-01
6.63907204e-01
6.63907204e-01
6.62393162e-01
6.53308913e-01
6.50280830e-01
6.69206349e-01
6.64664225e-01
6.63150183e-01
6.61636142e-01
6.62393162e-01
6.63150183e-01
6.63150183e-01
6.63150183e-01
6.60879121e-01
6.59365079e-01
6.65421245e-01
6.47252747e-01
6.53308913e-01
6.50280830e-01
6.62393162e-01
6.63150183e-01
6.53308913e-01
6.51794872e-01
6.50280830e-01
6.51794872e-01
6.51794872e-01
6.47252747e-01
6.54822955e-01
6.51794872e-01
6.62393162e-01
6.61636142e-01
