9.54603175e-01
9.52332112e-01
9.53846154e-01
9.54603175e-01
9.53846154e-01
9.56117216e-01
9.56117216e-01
9.53846154e-01
9.55360195e-01
9.57631258e-01
9.57631258e-01
9.54603175e-01
9.54603175e-01
9.53846154e-01
9.59145299e-01
9.56117216e-01
9.56117216e-01
9.56117216e-01
9.56117216e-01
9.56874237e-01
9.54603175e-01
9.53846154e-01
9.54603175e-01
9.53089133e-01
9.53089133e-01
9.53089133e-01
9.58388278e-01
9.55360195e-01
9.53846154e-01
9.56117216e-01
9.53846154e-01
9.54603175e-01
9.55360195e-01
9.63687424e-01
9.53846154e-01
9.56117216e-01
9.53089133e-01
9.62173382e-01
9.53846154e-01
9.54603175e-01
9.53089133e-01
9.54603175e-01
9.53846154e-01
9.56117216e-01
9.53846154e-01
9.53846154e-01
9.57631258e-01
9.55360195e-01
9.55360195e-01
9.53089133e-01
9.53089133e-01
9.56117216e-01
9.56874237e-01
9.55360195e-01
9.55360195e-01
9.56117216e-01
9.55360195e-01
9.53089133e-01
9.56117216e-01
9.57631258e-01
9.58388278e-01
9.56117216e-01
9.55360195e-01
9.53089133e-01
9.51575092e-01
9.53089133e-01
9.55360195e-01
9.57631258e-01
9.63687424e-01
9.49304029e-01
9.54603175e-01
9.56117216e-01
9.55360195e-01
9.51575092e-01
9.53089133e-01
9.55360195e-01
9.51575092e-01
9.51575092e-01
9.53846154e-01
9.52332112e-01
9.53089133e-01
9.53089133e-01
9.62173382e-01
9.55360195e-01
9.56117216e-01
9.53846154e-01
9.53089133e-01
9.53846154e-01
9.53846154e-01
9.56117216e-01
9.53089133e-01
9.56117216e-01
9.56874237e-01
9.59902320e-01
9.62930403e-01
9.54603175e-01
9.50818071e-01
9.53846154e-01
9.53846154e-01
9.54603175e-01
9.53846154e-01
9.56117216e-01
9.53089133e-01
9.53089133e-01
9.56117216e-01
9.54603175e-01
9.55360195e-01
9.54603175e-01
9.54603175e-01
9.55360195e-01
9.56117216e-01
9.53846154e-01
