4.11819292e-01
4.11819292e-01
4.26202686e-01
4.25445665e-01
4.11819292e-01
4.22417582e-01
4.26202686e-01
4.26202686e-01
4.14090354e-01
4.13333333e-01
4.14847375e-01
4.24688645e-01
4.24688645e-01
4.25445665e-01
4.24688645e-01
4.26202686e-01
4.26202686e-01
4.24688645e-01
4.14847375e-01
4.14847375e-01
4.25445665e-01
4.24688645e-01
4.26202686e-01
4.24688645e-01
4.25445665e-01
4.26202686e-01
4.25445665e-01
4.13333333e-01
4.10305250e-01
4.25445665e-01
4.25445665e-01
4.25445665e-01
4.25445665e-01
4.24688645e-01
4.25445665e-01
4.25445665e-01
4.22417582e-01
4.22417582e-01
4.25445665e-01
4.26202686e-01
4.22417582e-01
4.23174603e-01
4.26202686e-01
4.26202686e-01
4.25445665e-01
4.25445665e-01
4.26202686e-01
4.26202686e-01
4.23931624e-01
4.25445665e-01
4.23174603e-01
4.24688645e-01
4.24688645e-01
4.26202686e-01
4.11819292e-01
4.26202686e-01
4.11819292e-01
3.87594628e-01
4.25445665e-01
4.26202686e-01
4.25445665e-01
4.26202686e-01
4.24688645e-01
4.26202686e-01
4.25445665e-01
4.25445665e-01
4.25445665e-01
4.26202686e-01
4.25445665e-01
4.26202686e-01
4.24688645e-01
