5.04175824e-01
5.02661783e-01
5.03418803e-01
4.99633700e-01
5.05689866e-01
5.01904762e-01
5.02661783e-01
5.01147741e-01
5.04932845e-01
5.02661783e-01
5.07960928e-01
5.02661783e-01
5.07203907e-01
5.04932845e-01
5.04175824e-01
5.01147741e-01
5.03418803e-01
5.02661783e-01
5.04932845e-01
5.04175824e-01
5.07203907e-01
5.03418803e-01
5.02661783e-01
5.01904762e-01
4.98876679e-01
4.99633700e-01
5.04932845e-01
5.04932845e-01
5.04932845e-01
5.04932845e-01
5.01904762e-01
5.05689866e-01
5.02661783e-01
5.05689866e-01
5.02661783e-01
5.05689866e-01
5.14017094e-01
5.04932845e-01
5.00390720e-01
5.04175824e-01
5.02661783e-01
5.02661783e-01
5.04932845e-01
5.04175824e-01
5.03418803e-01
5.02661783e-01
5.04175824e-01
5.04932845e-01
5.04175824e-01
5.02661783e-01
5.04175824e-01
5.04175824e-01
5.00390720e-01
5.03418803e-01
5.04932845e-01
5.04175824e-01
5.04932845e-01
5.03418803e-01
5.00390720e-01
5.02661783e-01
5.16288156e-01
5.03418803e-01
5.26886447e-01
4.99633700e-01
5.05689866e-01
5.14017094e-01
5.01904762e-01
5.03418803e-01
5.01904762e-01
5.02661783e-01
5.03418803e-01
5.02661783e-01
4.84493284e-01
5.02661783e-01
5.07960928e-01
5.04932845e-01
5.04932845e-01
5.04932845e-01
5.05689866e-01
5.04932845e-01
5.04175824e-01
5.04932845e-01
5.04932845e-01
5.04175824e-01
5.04932845e-01
5.02661783e-01
5.07960928e-01
5.10989011e-01
5.04932845e-01
5.04932845e-01
5.09474969e-01
4.98876679e-01
5.05689866e-01
5.04175824e-01
5.04175824e-01
5.04175824e-01
5.02661783e-01
5.03418803e-01
5.03418803e-01
5.03418803e-01
5.01147741e-01
5.02661783e-01
5.04932845e-01
4.98876679e-01
5.02661783e-01
4.97362637e-01
5.02661783e-01
5.04932845e-01
5.03418803e-01
5.04175824e-01
5.04932845e-01
5.01904762e-01
