6.16214896e-01
6.04102564e-01
6.03345543e-01
6.14700855e-01
6.12429792e-01
6.16214896e-01
6.15457875e-01
6.16971917e-01
6.04859585e-01
6.01074481e-01
6.04102564e-01
6.04859585e-01
6.01831502e-01
6.14700855e-01
6.17728938e-01
6.16214896e-01
6.13943834e-01
6.15457875e-01
6.19242979e-01
6.16214896e-01
6.16971917e-01
6.06373626e-01
6.16971917e-01
6.16971917e-01
6.15457875e-01
6.33626374e-01
6.16971917e-01
6.15457875e-01
6.15457875e-01
5.81391941e-01
6.08644689e-01
6.04859585e-01
5.81391941e-01
6.01831502e-01
6.05616606e-01
6.02588523e-01
6.03345543e-01
6.13943834e-01
6.13186813e-01
6.14700855e-01
6.16214896e-01
6.15457875e-01
6.16971917e-01
6.13943834e-01
6.09401709e-01
6.23785104e-01
6.17728938e-01
6.16971917e-01
6.13943834e-01
6.13943834e-01
6.14700855e-01
6.15457875e-01
6.04859585e-01
6.01831502e-01
5.98803419e-01
6.15457875e-01
6.13943834e-01
6.16971917e-01
6.13943834e-01
6.16214896e-01
6.16214896e-01
6.16214896e-01
6.07887668e-01
6.04102564e-01
6.18485958e-01
6.16214896e-01
6.15457875e-01
6.17728938e-01
6.14700855e-01
6.16971917e-01
6.16971917e-01
6.16971917e-01
6.13943834e-01
6.15457875e-01
6.16214896e-01
6.16971917e-01
6.14700855e-01
6.16971917e-01
6.16971917e-01
6.07130647e-01
6.03345543e-01
6.03345543e-01
6.08644689e-01
6.00317460e-01
6.16214896e-01
6.13943834e-01
6.16971917e-01
6.13943834e-01
6.13943834e-01
6.10915751e-01
6.06373626e-01
6.01831502e-01
6.13943834e-01
6.04859585e-01
6.04859585e-01
6.01831502e-01
6.04859585e-01
6.04102564e-01
6.04859585e-01
