7.83516484e-01
7.84273504e-01
7.84273504e-01
7.85787546e-01
7.93357753e-01
7.85787546e-01
7.85787546e-01
7.84273504e-01
7.93357753e-01
7.85787546e-01
7.88058608e-01
7.85787546e-01
7.85030525e-01
7.84273504e-01
7.85030525e-01
7.85030525e-01
7.86544567e-01
7.84273504e-01
7.90329670e-01
7.85030525e-01
7.85030525e-01
7.86544567e-01
7.88815629e-01
7.87301587e-01
7.84273504e-01
7.86544567e-01
7.88058608e-01
7.79731380e-01
7.84273504e-01
7.83516484e-01
7.85030525e-01
7.85787546e-01
7.98656899e-01
7.85787546e-01
7.84273504e-01
7.82759463e-01
7.87301587e-01
7.79731380e-01
7.82759463e-01
7.80488400e-01
7.85787546e-01
7.86544567e-01
7.82759463e-01
7.80488400e-01
7.82759463e-01
7.85030525e-01
7.86544567e-01
7.88058608e-01
8.06227106e-01
7.75189255e-01
7.85787546e-01
7.82759463e-01
7.85787546e-01
7.82759463e-01
7.83516484e-01
7.85787546e-01
7.85030525e-01
7.85030525e-01
7.85030525e-01
7.84273504e-01
7.82002442e-01
7.86544567e-01
7.81245421e-01
7.85030525e-01
7.75189255e-01
7.83516484e-01
7.86544567e-01
7.86544567e-01
7.83516484e-01
7.85787546e-01
7.87301587e-01
7.85030525e-01
7.82002442e-01
7.85030525e-01
7.82759463e-01
7.84273504e-01
7.83516484e-01
7.88815629e-01
8.06984127e-01
7.84273504e-01
7.96385836e-01
7.91843712e-01
7.89572650e-01
7.87301587e-01
7.85787546e-01
7.89572650e-01
7.82002442e-01
7.86544567e-01
7.84273504e-01
7.84273504e-01
7.84273504e-01
7.82759463e-01
7.86544567e-01
7.86544567e-01
7.86544567e-01
7.85787546e-01
7.82759463e-01
7.85787546e-01
7.83516484e-01
7.94114774e-01
7.85030525e-01
7.86544567e-01
7.86544567e-01
7.85787546e-01
7.90329670e-01
7.87301587e-01
