1.04014652e+00
1.04620269e+00
1.04393162e+00
1.04544567e+00
1.04317460e+00
1.04393162e+00
1.04241758e+00
1.04166056e+00
1.04695971e+00
1.01743590e+00
1.03863248e+00
1.20214896e+00
1.01743590e+00
1.04393162e+00
1.04090354e+00
1.04393162e+00
1.04771673e+00
1.04090354e+00
1.04695971e+00
1.04241758e+00
1.04317460e+00
1.04317460e+00
1.04014652e+00
1.04923077e+00
1.04317460e+00
1.04468864e+00
1.04090354e+00
1.04393162e+00
1.04620269e+00
1.04393162e+00
1.04014652e+00
1.04468864e+00
1.04393162e+00
1.04468864e+00
1.04771673e+00
1.04241758e+00
1.19457875e+00
1.19155067e+00
1.06134310e+00
1.04620269e+00
1.04393162e+00
1.04620269e+00
1.04393162e+00
1.06361416e+00
1.04620269e+00
1.19457875e+00
1.04393162e+00
1.04393162e+00
1.04998779e+00
1.04695971e+00
1.04317460e+00
1.04620269e+00
1.18549451e+00
1.04393162e+00
1.04090354e+00
1.19836386e+00
1.04317460e+00
1.01743590e+00
1.04317460e+00
1.04166056e+00
1.04393162e+00
1.04544567e+00
1.05074481e+00
1.04468864e+00
1.04771673e+00
1.04090354e+00
1.04771673e+00
1.04771673e+00
1.04620269e+00
1.06361416e+00
1.01743590e+00
1.04166056e+00
1.01743590e+00
1.04393162e+00
1.04998779e+00
1.04317460e+00
1.04241758e+00
1.04166056e+00
1.04923077e+00
1.04544567e+00
1.04620269e+00
1.04847375e+00
1.04998779e+00
1.03938950e+00
1.04393162e+00
1.04544567e+00
1.04544567e+00
1.04241758e+00
1.04620269e+00
1.04923077e+00
1.05907204e+00
1.04317460e+00
1.04317460e+00
1.04393162e+00
1.04393162e+00
1.04241758e+00
1.19609280e+00
1.04998779e+00
1.04393162e+00
1.04620269e+00
1.19306471e+00
1.04695971e+00
1.18549451e+00
1.04468864e+00
1.04090354e+00
1.04090354e+00
1.04544567e+00
1.04620269e+00
1.05301587e+00
1.04771673e+00
1.04241758e+00
1.04166056e+00
1.04468864e+00
1.04771673e+00
1.19003663e+00
1.04090354e+00
1.04468864e+00
1.05604396e+00
1.04695971e+00
1.04468864e+00
1.04468864e+00
1.04393162e+00
1.04241758e+00
1.03863248e+00
1.04468864e+00
