6.64664225e-01
6.65421245e-01
8.35750916e-01
8.26666667e-01
8.38021978e-01
6.66178266e-01
6.64664225e-01
6.62393162e-01
6.63150183e-01
8.22881563e-01
6.63907204e-01
6.63150183e-01
6.63907204e-01
8.37264957e-01
6.62393162e-01
6.63907204e-01
6.65421245e-01
6.61636142e-01
6.63907204e-01
6.58608059e-01
6.64664225e-01
6.63150183e-01
6.62393162e-01
6.62393162e-01
6.61636142e-01
6.66178266e-01
6.64664225e-01
6.65421245e-01
6.60122100e-01
6.64664225e-01
6.72234432e-01
6.60122100e-01
6.57094017e-01
6.63907204e-01
6.60879121e-01
6.64664225e-01
6.63907204e-01
6.62393162e-01
6.63150183e-01
6.61636142e-01
6.64664225e-01
6.62393162e-01
6.60879121e-01
8.37264957e-01
6.61636142e-01
6.70720391e-01
6.61636142e-01
6.63150183e-01
6.65421245e-01
6.64664225e-01
6.63150183e-01
6.61636142e-01
6.57851038e-01
8.34993895e-01
6.60879121e-01
6.67692308e-01
6.63150183e-01
6.62393162e-01
6.51794872e-01
6.51794872e-01
6.51037851e-01
6.65421245e-01
6.63150183e-01
8.33479853e-01
6.63907204e-01
6.73748474e-01
6.75262515e-01
6.60879121e-01
6.63150183e-01
6.60879121e-01
6.51794872e-01
8.29694750e-01
6.51037851e-01
6.66178266e-01
6.62393162e-01
6.63907204e-01
6.72234432e-01
6.63907204e-01
6.58608059e-01
6.49523810e-01
6.51037851e-01
6.45738706e-01
6.50280830e-01
8.38778999e-01
8.36507937e-01
6.63150183e-01
6.58608059e-01
8.13040293e-01
6.63907204e-01
6.62393162e-01
6.63150183e-01
6.63907204e-01
8.36507937e-01
6.63907204e-01
6.62393162e-01
6.53308913e-01
6.50280830e-01
8.25909646e-01
6.69206349e-01
8.19853480e-01
6.64664225e-01
6.63150183e-01
6.61636142e-01
6.62393162e-01
6.63150183e-01
6.63150183e-01
6.63150183e-01
6.60879121e-01
6.59365079e-01
6.65421245e-01
6.47252747e-01
6.53308913e-01
6.50280830e-01
6.62393162e-01
6.63150183e-01
6.53308913e-01
6.51794872e-01
6.50280830e-01
6.51794872e-01
6.51794872e-01
6.47252747e-01
6.54822955e-01
6.51794872e-01
6.62393162e-01
6.61636142e-01
