5.80634921e-01
5.83663004e-01
5.69279609e-01
5.70036630e-01
5.71550672e-01
5.70793651e-01
5.73821734e-01
5.82148962e-01
5.79877900e-01
5.73064713e-01
5.69279609e-01
5.69279609e-01
5.67008547e-01
5.69279609e-01
5.74578755e-01
5.70793651e-01
5.73821734e-01
5.69279609e-01
5.69279609e-01
5.71550672e-01
5.73064713e-01
7.41880342e-01
5.73821734e-01
5.80634921e-01
5.83663004e-01
7.54749695e-01
7.54749695e-01
5.69279609e-01
7.41880342e-01
5.80634921e-01
5.86691087e-01
7.44908425e-01
5.69279609e-01
5.68522589e-01
5.82148962e-01
5.87448107e-01
5.79877900e-01
5.70036630e-01
5.68522589e-01
5.83663004e-01
5.80634921e-01
5.80634921e-01
5.69279609e-01
5.63980464e-01
5.73821734e-01
5.71550672e-01
7.48693529e-01
5.71550672e-01
5.70793651e-01
5.73064713e-01
5.70793651e-01
5.71550672e-01
5.70036630e-01
5.73821734e-01
5.91990232e-01
5.78363858e-01
5.84420024e-01
5.69279609e-01
5.71550672e-01
5.71550672e-01
5.70793651e-01
5.70036630e-01
5.72307692e-01
5.72307692e-01
5.73064713e-01
5.70036630e-01
7.38095238e-01
5.77606838e-01
5.69279609e-01
5.73821734e-01
5.70036630e-01
5.75335775e-01
5.82905983e-01
7.41880342e-01
5.72307692e-01
5.72307692e-01
5.76092796e-01
5.70793651e-01
5.70036630e-01
5.74578755e-01
5.69279609e-01
5.71550672e-01
7.43394383e-01
5.70793651e-01
5.72307692e-01
5.71550672e-01
7.43394383e-01
5.70793651e-01
5.68522589e-01
5.71550672e-01
5.70036630e-01
5.72307692e-01
5.76849817e-01
5.73064713e-01
5.83663004e-01
5.81391941e-01
5.80634921e-01
5.82148962e-01
5.80634921e-01
5.70793651e-01
5.70793651e-01
5.71550672e-01
5.71550672e-01
5.70793651e-01
5.70036630e-01
5.68522589e-01
5.72307692e-01
7.47179487e-01
5.70793651e-01
5.67008547e-01
5.69279609e-01
5.73064713e-01
5.70036630e-01
5.65494505e-01
7.43394383e-01
5.75335775e-01
5.75335775e-01
5.82905983e-01
5.73064713e-01
5.69279609e-01
7.43394383e-01
5.73064713e-01
5.68522589e-01
5.70793651e-01
5.68522589e-01
5.69279609e-01
5.83663004e-01
