4.35286935e-01
4.36800977e-01
3.87594628e-01
4.38315018e-01
4.39072039e-01
4.27716728e-01
4.25445665e-01
4.11819292e-01
4.26959707e-01
3.87594628e-01
3.87594628e-01
4.32258852e-01
4.37557998e-01
3.87594628e-01
4.36800977e-01
4.37557998e-01
6.09401709e-01
4.36800977e-01
4.36800977e-01
4.30744811e-01
4.40586081e-01
4.35286935e-01
4.30744811e-01
3.87594628e-01
4.38315018e-01
4.39072039e-01
4.41343101e-01
4.35286935e-01
6.10158730e-01
4.36800977e-01
4.38315018e-01
4.38315018e-01
6.08644689e-01
4.36800977e-01
4.45885226e-01
4.38315018e-01
3.87594628e-01
4.39072039e-01
4.37557998e-01
4.36800977e-01
4.38315018e-01
4.36800977e-01
4.37557998e-01
4.37557998e-01
4.43614164e-01
4.38315018e-01
3.87594628e-01
4.44371184e-01
4.39829060e-01
4.37557998e-01
4.36800977e-01
4.25445665e-01
4.26202686e-01
4.37557998e-01
3.87594628e-01
4.37557998e-01
4.31501832e-01
4.39072039e-01
4.38315018e-01
4.36043956e-01
4.37557998e-01
4.36800977e-01
3.87594628e-01
4.26202686e-01
4.11819292e-01
4.26202686e-01
5.98803419e-01
4.26202686e-01
4.33015873e-01
4.36800977e-01
4.38315018e-01
4.32258852e-01
4.29230769e-01
4.41343101e-01
6.08644689e-01
4.38315018e-01
4.38315018e-01
4.35286935e-01
4.26202686e-01
4.25445665e-01
4.26959707e-01
4.39072039e-01
3.87594628e-01
4.29987790e-01
4.25445665e-01
4.35286935e-01
4.31501832e-01
4.32258852e-01
4.26959707e-01
4.25445665e-01
4.26202686e-01
6.02588523e-01
4.50427350e-01
4.38315018e-01
4.35286935e-01
4.33015873e-01
4.25445665e-01
4.24688645e-01
4.37557998e-01
4.39072039e-01
4.37557998e-01
3.87594628e-01
3.87594628e-01
4.28473748e-01
4.24688645e-01
4.26202686e-01
4.24688645e-01
4.29987790e-01
4.28473748e-01
4.23174603e-01
4.32258852e-01
4.26959707e-01
4.25445665e-01
4.39072039e-01
4.36800977e-01
4.53455433e-01
4.36800977e-01
4.35286935e-01
4.37557998e-01
6.20000000e-01
4.37557998e-01
4.24688645e-01
4.29987790e-01
4.22417582e-01
5.98046398e-01
4.26202686e-01
