7.08571429e-01
6.96459096e-01
6.97216117e-01
7.09328449e-01
7.07814408e-01
7.04786325e-01
6.93431013e-01
6.91159951e-01
7.07814408e-01
7.04029304e-01
7.12356532e-01
7.07814408e-01
7.14627595e-01
7.10085470e-01
7.07814408e-01
7.05543346e-01
7.06300366e-01
8.67545788e-01
7.07814408e-01
7.03272283e-01
7.08571429e-01
8.76630037e-01
7.13870574e-01
7.09328449e-01
7.10842491e-01
7.10085470e-01
7.13113553e-01
7.07814408e-01
7.09328449e-01
7.02515263e-01
7.14627595e-01
7.07814408e-01
7.06300366e-01
7.08571429e-01
7.05543346e-01
7.11599512e-01
7.06300366e-01
7.04786325e-01
7.07814408e-01
8.78144078e-01
7.07057387e-01
7.06300366e-01
7.04029304e-01
7.07814408e-01
7.07814408e-01
7.07814408e-01
7.08571429e-01
7.07814408e-01
6.96459096e-01
6.94945055e-01
6.94188034e-01
7.07057387e-01
7.06300366e-01
8.82686203e-01
8.81929182e-01
7.07057387e-01
7.05543346e-01
8.75115995e-01
7.09328449e-01
7.10842491e-01
7.09328449e-01
7.08571429e-01
7.07814408e-01
6.97973138e-01
6.99487179e-01
6.94945055e-01
7.09328449e-01
7.07057387e-01
7.05543346e-01
7.07814408e-01
7.09328449e-01
7.01758242e-01
7.07057387e-01
7.05543346e-01
7.04029304e-01
7.07057387e-01
7.09328449e-01
7.06300366e-01
7.05543346e-01
8.80415140e-01
7.07057387e-01
7.06300366e-01
7.05543346e-01
6.95702076e-01
6.96459096e-01
6.94945055e-01
7.04786325e-01
7.11599512e-01
7.07814408e-01
7.04786325e-01
7.09328449e-01
7.06300366e-01
7.04786325e-01
7.08571429e-01
7.06300366e-01
7.04029304e-01
7.01758242e-01
7.10842491e-01
7.15384615e-01
7.10085470e-01
7.13113553e-01
6.91159951e-01
6.95702076e-01
7.10085470e-01
7.07057387e-01
7.05543346e-01
7.07814408e-01
7.07057387e-01
6.95702076e-01
6.94945055e-01
7.04029304e-01
7.05543346e-01
7.05543346e-01
7.08571429e-01
7.09328449e-01
7.02515263e-01
7.06300366e-01
7.06300366e-01
7.07057387e-01
7.06300366e-01
7.07814408e-01
7.07814408e-01
7.03272283e-01
7.10085470e-01
7.12356532e-01
