3.78510379e-01
3.83052503e-01
3.80024420e-01
3.83052503e-01
5.44297924e-01
3.79267399e-01
3.95164835e-01
3.78510379e-01
3.82295482e-01
3.80781441e-01
3.80781441e-01
3.80781441e-01
3.82295482e-01
3.80781441e-01
3.80781441e-01
3.80781441e-01
3.81538462e-01
3.80781441e-01
3.78510379e-01
3.82295482e-01
3.74725275e-01
3.84566545e-01
3.87594628e-01
3.79267399e-01
3.81538462e-01
3.71697192e-01
3.68669109e-01
3.85323565e-01
3.80024420e-01
3.80781441e-01
3.80024420e-01
5.53382173e-01
3.83809524e-01
3.79267399e-01
3.80781441e-01
5.49597070e-01
3.79267399e-01
3.80024420e-01
3.78510379e-01
3.81538462e-01
3.80024420e-01
3.80024420e-01
3.83052503e-01
3.80781441e-01
3.83052503e-01
3.81538462e-01
3.80024420e-01
3.70940171e-01
3.68669109e-01
3.84566545e-01
3.74725275e-01
3.80781441e-01
3.84566545e-01
3.77753358e-01
3.81538462e-01
3.81538462e-01
3.82295482e-01
3.83809524e-01
3.80781441e-01
3.80024420e-01
3.79267399e-01
5.54896215e-01
3.81538462e-01
3.80781441e-01
3.76996337e-01
3.75482295e-01
3.80024420e-01
3.78510379e-01
3.85323565e-01
3.80024420e-01
3.90622711e-01
3.78510379e-01
3.80781441e-01
3.78510379e-01
3.81538462e-01
3.81538462e-01
3.79267399e-01
3.83809524e-01
3.81538462e-01
3.81538462e-01
3.80024420e-01
3.82295482e-01
3.79267399e-01
3.81538462e-01
3.82295482e-01
3.80024420e-01
3.80781441e-01
3.80024420e-01
3.77753358e-01
3.83809524e-01
3.74725275e-01
5.53382173e-01
3.80781441e-01
3.82295482e-01
3.83052503e-01
3.83052503e-01
3.80781441e-01
3.80024420e-01
3.80781441e-01
3.83809524e-01
3.80024420e-01
3.79267399e-01
3.89108669e-01
3.82295482e-01
3.80024420e-01
3.95921856e-01
3.79267399e-01
3.81538462e-01
3.80024420e-01
3.80781441e-01
3.83809524e-01
3.78510379e-01
3.81538462e-01
3.92136752e-01
3.79267399e-01
3.80781441e-01
5.48083028e-01
3.83809524e-01
3.80781441e-01
3.80024420e-01
3.79267399e-01
3.88351648e-01
3.81538462e-01
5.56410256e-01
3.81538462e-01
3.80781441e-01
