1.74947497e+00
1.74568987e+00
1.74644689e+00
1.74720391e+00
1.75704518e+00
1.75553114e+00
1.75704518e+00
1.75704518e+00
1.75250305e+00
1.75855922e+00
1.75628816e+00
1.75477411e+00
1.74644689e+00
1.75326007e+00
1.74871795e+00
1.75098901e+00
1.74720391e+00
1.74644689e+00
1.74644689e+00
1.74796093e+00
1.74039072e+00
1.92207570e+00
1.74341880e+00
1.74341880e+00
1.75931624e+00
1.77445665e+00
1.75098901e+00
1.75250305e+00
1.75326007e+00
1.75553114e+00
1.75401709e+00
1.75704518e+00
1.75628816e+00
1.75326007e+00
1.75628816e+00
1.75553114e+00
1.75780220e+00
1.75553114e+00
1.74947497e+00
1.75023199e+00
1.74341880e+00
1.74871795e+00
1.74720391e+00
1.74644689e+00
1.74796093e+00
1.74568987e+00
1.74720391e+00
1.74568987e+00
1.74341880e+00
1.74947497e+00
1.74417582e+00
1.74417582e+00
1.74796093e+00
1.74644689e+00
1.74190476e+00
1.74720391e+00
1.74644689e+00
1.74720391e+00
1.75250305e+00
1.74644689e+00
1.75023199e+00
1.91980464e+00
1.75023199e+00
1.74720391e+00
1.74493284e+00
1.74644689e+00
1.92510379e+00
1.74871795e+00
1.74417582e+00
1.93267399e+00
1.74644689e+00
1.91980464e+00
1.74796093e+00
1.75780220e+00
1.75250305e+00
1.75855922e+00
1.75477411e+00
1.75250305e+00
1.75401709e+00
1.75401709e+00
1.75401709e+00
1.75628816e+00
1.75628816e+00
1.74871795e+00
1.91980464e+00
1.74493284e+00
1.74871795e+00
1.74568987e+00
1.76310134e+00
1.75704518e+00
1.75628816e+00
1.93418803e+00
1.75628816e+00
1.75855922e+00
1.75855922e+00
1.75855922e+00
1.75628816e+00
1.75477411e+00
1.93191697e+00
1.93267399e+00
1.75931624e+00
1.75553114e+00
1.75628816e+00
1.75855922e+00
1.92131868e+00
1.75628816e+00
1.74417582e+00
1.74644689e+00
1.74341880e+00
1.75553114e+00
1.75326007e+00
1.74871795e+00
1.74341880e+00
1.74720391e+00
1.73963370e+00
1.74493284e+00
1.75780220e+00
1.93040293e+00
1.75401709e+00
1.92283272e+00
1.74266178e+00
1.75780220e+00
1.75628816e+00
1.75477411e+00
1.93418803e+00
1.93343101e+00
1.75931624e+00
