3.91379731e-01
3.89865690e-01
3.92893773e-01
3.90622711e-01
3.92893773e-01
3.89865690e-01
5.65494505e-01
5.59438339e-01
5.63980464e-01
3.92136752e-01
3.91379731e-01
5.63223443e-01
3.90622711e-01
3.87594628e-01
3.86837607e-01
3.88351648e-01
3.92893773e-01
3.92893773e-01
3.89865690e-01
3.97435897e-01
3.91379731e-01
3.87594628e-01
3.91379731e-01
3.90622711e-01
3.87594628e-01
3.88351648e-01
5.58681319e-01
3.93650794e-01
3.91379731e-01
5.43540904e-01
3.87594628e-01
3.93650794e-01
3.89865690e-01
4.05006105e-01
4.01978022e-01
3.91379731e-01
3.92136752e-01
4.21660562e-01
5.65494505e-01
3.93650794e-01
3.92136752e-01
3.89865690e-01
5.65494505e-01
3.89108669e-01
5.63223443e-01
5.62466422e-01
3.92136752e-01
3.89108669e-01
3.92136752e-01
3.92893773e-01
3.91379731e-01
4.04249084e-01
4.01978022e-01
3.93650794e-01
3.92136752e-01
3.90622711e-01
5.76849817e-01
4.01978022e-01
3.91379731e-01
4.01978022e-01
3.91379731e-01
3.92893773e-01
3.94407814e-01
3.91379731e-01
3.96678877e-01
3.90622711e-01
3.92136752e-01
3.95164835e-01
3.92136752e-01
3.95164835e-01
3.90622711e-01
3.89108669e-01
3.92893773e-01
3.92136752e-01
3.92893773e-01
3.90622711e-01
3.90622711e-01
5.65494505e-01
5.64737485e-01
3.92136752e-01
4.14090354e-01
5.65494505e-01
5.66251526e-01
3.92893773e-01
3.91379731e-01
5.64737485e-01
5.68522589e-01
3.89108669e-01
3.93650794e-01
3.89865690e-01
3.92136752e-01
5.65494505e-01
5.62466422e-01
5.64737485e-01
3.94407814e-01
3.95921856e-01
3.89108669e-01
3.92893773e-01
3.91379731e-01
3.90622711e-01
3.92893773e-01
3.89865690e-01
3.92136752e-01
3.89108669e-01
3.87594628e-01
3.91379731e-01
3.90622711e-01
3.90622711e-01
3.97435897e-01
3.91379731e-01
3.90622711e-01
3.92893773e-01
3.91379731e-01
3.95164835e-01
3.91379731e-01
3.91379731e-01
3.93650794e-01
3.92136752e-01
3.90622711e-01
3.91379731e-01
3.91379731e-01
3.87594628e-01
3.87594628e-01
5.62466422e-01
3.92893773e-01
3.91379731e-01
3.87594628e-01
3.94407814e-01
3.92136752e-01
3.92893773e-01
3.90622711e-01
3.89865690e-01
3.89865690e-01
3.95921856e-01
3.89865690e-01
5.62466422e-01
3.89865690e-01
