3.76996337e-01
3.79267399e-01
3.82295482e-01
3.83809524e-01
3.83052503e-01
3.79267399e-01
3.77753358e-01
3.83052503e-01
3.83052503e-01
3.80781441e-01
3.81538462e-01
3.80781441e-01
3.79267399e-01
3.80024420e-01
3.82295482e-01
3.80024420e-01
3.80781441e-01
3.80781441e-01
3.79267399e-01
3.82295482e-01
3.80781441e-01
3.78510379e-01
3.81538462e-01
3.79267399e-01
3.80024420e-01
3.80781441e-01
3.79267399e-01
3.80781441e-01
3.80781441e-01
3.82295482e-01
3.79267399e-01
3.77753358e-01
3.80781441e-01
3.80024420e-01
3.83809524e-01
3.81538462e-01
3.80024420e-01
3.80781441e-01
3.80024420e-01
3.80024420e-01
3.80781441e-01
3.80781441e-01
3.79267399e-01
3.79267399e-01
3.83052503e-01
3.83809524e-01
3.73968254e-01
3.80781441e-01
3.80781441e-01
3.87594628e-01
3.83052503e-01
3.79267399e-01
3.82295482e-01
5.33699634e-01
5.48083028e-01
3.81538462e-01
3.80024420e-01
3.75482295e-01
3.80024420e-01
5.50354090e-01
5.56410256e-01
3.78510379e-01
3.83052503e-01
3.80024420e-01
5.53382173e-01
3.80024420e-01
5.53382173e-01
3.79267399e-01
5.53382173e-01
3.82295482e-01
3.79267399e-01
3.80781441e-01
3.79267399e-01
3.78510379e-01
3.78510379e-01
3.78510379e-01
3.84566545e-01
3.83052503e-01
3.79267399e-01
3.79267399e-01
3.81538462e-01
3.80781441e-01
3.95164835e-01
3.90622711e-01
3.92893773e-01
3.81538462e-01
3.77753358e-01
3.78510379e-01
3.80024420e-01
3.81538462e-01
3.80781441e-01
3.83809524e-01
3.83809524e-01
3.79267399e-01
3.81538462e-01
3.81538462e-01
3.86837607e-01
3.81538462e-01
3.80024420e-01
3.83052503e-01
3.83809524e-01
5.49597070e-01
3.79267399e-01
3.83809524e-01
3.81538462e-01
3.79267399e-01
3.84566545e-01
3.81538462e-01
3.77753358e-01
3.83052503e-01
3.78510379e-01
3.81538462e-01
3.84566545e-01
3.80024420e-01
3.80024420e-01
3.80781441e-01
3.86080586e-01
5.32185592e-01
3.83052503e-01
3.80781441e-01
3.86080586e-01
3.77753358e-01
5.49597070e-01
5.38241758e-01
3.80781441e-01
5.55653236e-01
