6.26056166e-01
6.26056166e-01
6.28327228e-01
6.23785104e-01
6.26813187e-01
6.26813187e-01
6.24542125e-01
6.28327228e-01
6.23785104e-01
6.27570208e-01
6.26813187e-01
6.26813187e-01
6.29084249e-01
6.26813187e-01
6.28327228e-01
7.93357753e-01
6.26813187e-01
6.35897436e-01
6.26813187e-01
6.25299145e-01
5.81391941e-01
6.26813187e-01
6.27570208e-01
6.29084249e-01
6.26813187e-01
6.26056166e-01
6.26056166e-01
6.26056166e-01
6.27570208e-01
6.25299145e-01
7.97899878e-01
6.23785104e-01
6.26813187e-01
6.26813187e-01
6.26056166e-01
6.25299145e-01
6.28327228e-01
6.25299145e-01
6.27570208e-01
6.26813187e-01
6.27570208e-01
6.37411477e-01
6.51037851e-01
6.40439560e-01
6.44981685e-01
8.10769231e-01
6.40439560e-01
6.41953602e-01
6.41196581e-01
6.38925519e-01
6.40439560e-01
6.41196581e-01
6.42710623e-01
6.39682540e-01
6.38925519e-01
6.43467643e-01
6.38168498e-01
6.38925519e-01
6.40439560e-01
6.41196581e-01
6.38168498e-01
6.41196581e-01
6.41196581e-01
6.41196581e-01
6.41196581e-01
6.39682540e-01
6.38168498e-01
6.39682540e-01
6.37411477e-01
6.48009768e-01
6.39682540e-01
6.38925519e-01
6.41953602e-01
6.41196581e-01
6.38168498e-01
6.40439560e-01
6.38168498e-01
6.41953602e-01
6.41953602e-01
6.35897436e-01
8.08498168e-01
6.42710623e-01
6.41196581e-01
6.38168498e-01
6.41196581e-01
6.39682540e-01
6.39682540e-01
6.40439560e-01
6.38925519e-01
6.38168498e-01
6.38925519e-01
6.38168498e-01
6.41196581e-01
6.38925519e-01
6.40439560e-01
8.13797314e-01
6.40439560e-01
6.40439560e-01
6.41953602e-01
6.38925519e-01
6.41953602e-01
6.44224664e-01
6.45738706e-01
6.40439560e-01
6.41196581e-01
6.39682540e-01
6.45738706e-01
6.43467643e-01
6.41196581e-01
6.41196581e-01
6.40439560e-01
6.39682540e-01
6.41196581e-01
6.41196581e-01
6.39682540e-01
8.13040293e-01
6.47252747e-01
6.42710623e-01
6.36654457e-01
6.38925519e-01
6.39682540e-01
6.41196581e-01
6.41196581e-01
6.38925519e-01
6.41196581e-01
6.40439560e-01
