1.07724054e+00
1.07875458e+00
1.07724054e+00
1.23167277e+00
1.21804640e+00
1.22864469e+00
1.08481074e+00
1.07799756e+00
1.23167277e+00
1.23167277e+00
1.23772894e+00
1.08253968e+00
1.07724054e+00
1.07269841e+00
1.07496947e+00
1.22864469e+00
1.23848596e+00
1.07799756e+00
1.07572650e+00
1.07648352e+00
1.08859585e+00
1.08859585e+00
1.08253968e+00
1.07572650e+00
1.07648352e+00
1.06815629e+00
1.07421245e+00
1.07724054e+00
1.26346764e+00
1.19533578e+00
1.08102564e+00
1.07799756e+00
1.07724054e+00
1.10752137e+00
1.07421245e+00
1.21501832e+00
1.08026862e+00
1.08405372e+00
1.10525031e+00
1.07345543e+00
1.07194139e+00
1.07875458e+00
1.07951160e+00
1.07648352e+00
1.07572650e+00
1.07421245e+00
1.13704518e+00
1.08708181e+00
1.07194139e+00
1.11282051e+00
1.21880342e+00
1.22940171e+00
1.08026862e+00
1.07421245e+00
1.22864469e+00
1.07118437e+00
1.09465201e+00
1.07799756e+00
1.07648352e+00
1.23470085e+00
1.07496947e+00
1.07648352e+00
1.07269841e+00
1.07496947e+00
1.07799756e+00
1.07799756e+00
1.07724054e+00
1.07875458e+00
1.07421245e+00
1.07421245e+00
1.07724054e+00
1.08632479e+00
1.07648352e+00
1.07724054e+00
1.08632479e+00
1.07799756e+00
1.08253968e+00
1.07799756e+00
1.08783883e+00
1.10903541e+00
1.07648352e+00
1.07724054e+00
1.07648352e+00
1.07799756e+00
1.07724054e+00
1.07572650e+00
1.07648352e+00
1.09995116e+00
1.08026862e+00
1.07951160e+00
1.07572650e+00
1.22864469e+00
1.07799756e+00
1.07421245e+00
1.07724054e+00
1.21577534e+00
1.07648352e+00
1.08026862e+00
1.07724054e+00
1.22788767e+00
1.07648352e+00
1.08026862e+00
1.11357753e+00
1.08481074e+00
1.28844933e+00
1.08935287e+00
1.07951160e+00
1.09768010e+00
1.21123321e+00
1.07648352e+00
1.07648352e+00
1.07799756e+00
1.07724054e+00
1.07421245e+00
1.07345543e+00
1.07951160e+00
1.07421245e+00
1.07875458e+00
1.07648352e+00
1.07648352e+00
1.20669109e+00
1.08783883e+00
1.09768010e+00
1.07496947e+00
1.08935287e+00
1.08708181e+00
