4.36043956e-01
4.58754579e-01
4.36043956e-01
4.50427350e-01
4.48913309e-01
4.50427350e-01
4.48156288e-01
4.45128205e-01
4.49670330e-01
4.51184371e-01
4.50427350e-01
6.20000000e-01
4.47399267e-01
4.45128205e-01
4.44371184e-01
4.49670330e-01
5.99560440e-01
4.36043956e-01
6.15457875e-01
4.48913309e-01
4.51184371e-01
4.48913309e-01
6.21514042e-01
4.51184371e-01
4.36043956e-01
4.50427350e-01
4.49670330e-01
4.36043956e-01
4.48913309e-01
4.48913309e-01
4.49670330e-01
4.51184371e-01
4.47399267e-01
4.49670330e-01
6.20757021e-01
4.49670330e-01
6.19242979e-01
4.36043956e-01
6.21514042e-01
4.45128205e-01
4.50427350e-01
4.49670330e-01
6.28327228e-01
4.54212454e-01
6.21514042e-01
4.50427350e-01
4.54212454e-01
6.22271062e-01
4.52698413e-01
4.52698413e-01
4.48913309e-01
4.51941392e-01
4.36043956e-01
4.50427350e-01
4.46642247e-01
4.50427350e-01
4.50427350e-01
4.36043956e-01
4.49670330e-01
4.47399267e-01
4.50427350e-01
4.50427350e-01
4.50427350e-01
4.52698413e-01
4.50427350e-01
4.47399267e-01
4.47399267e-01
4.57240537e-01
4.51184371e-01
4.36043956e-01
4.49670330e-01
4.46642247e-01
4.49670330e-01
4.49670330e-01
4.46642247e-01
4.36043956e-01
4.48913309e-01
4.56483516e-01
4.50427350e-01
4.51184371e-01
4.50427350e-01
4.48156288e-01
4.36043956e-01
4.48913309e-01
4.50427350e-01
4.48913309e-01
4.49670330e-01
4.49670330e-01
4.49670330e-01
4.46642247e-01
4.48156288e-01
4.51184371e-01
4.49670330e-01
4.51184371e-01
4.48913309e-01
4.48156288e-01
4.36043956e-01
4.47399267e-01
4.50427350e-01
4.51184371e-01
4.50427350e-01
4.50427350e-01
4.51184371e-01
4.48913309e-01
4.51941392e-01
4.50427350e-01
4.51941392e-01
4.51184371e-01
4.49670330e-01
4.45885226e-01
4.50427350e-01
4.48156288e-01
4.49670330e-01
4.36043956e-01
4.53455433e-01
4.51941392e-01
4.49670330e-01
4.49670330e-01
4.49670330e-01
6.21514042e-01
4.49670330e-01
6.20000000e-01
4.47399267e-01
4.48156288e-01
4.46642247e-01
6.20757021e-01
