4.70866911e-01
4.68595849e-01
4.70866911e-01
4.70866911e-01
4.68595849e-01
4.70109890e-01
4.63296703e-01
4.69352869e-01
4.67838828e-01
6.41196581e-01
6.41196581e-01
6.44224664e-01
4.71623932e-01
6.42710623e-01
4.70109890e-01
4.70109890e-01
4.68595849e-01
4.70109890e-01
4.60268620e-01
4.69352869e-01
4.68595849e-01
4.69352869e-01
4.69352869e-01
4.71623932e-01
4.70866911e-01
4.70109890e-01
4.69352869e-01
4.70866911e-01
4.65567766e-01
4.73137973e-01
4.71623932e-01
4.68595849e-01
4.70109890e-01
4.73894994e-01
4.64810745e-01
4.69352869e-01
4.66324786e-01
4.68595849e-01
4.68595849e-01
4.68595849e-01
4.68595849e-01
4.69352869e-01
4.71623932e-01
4.70109890e-01
4.70109890e-01
4.69352869e-01
4.74652015e-01
4.71623932e-01
4.75409035e-01
4.69352869e-01
4.70109890e-01
4.69352869e-01
4.71623932e-01
4.69352869e-01
4.70109890e-01
4.70109890e-01
4.68595849e-01
4.75409035e-01
4.71623932e-01
4.65567766e-01
4.70866911e-01
4.64810745e-01
4.59511600e-01
4.57240537e-01
6.29084249e-01
4.71623932e-01
4.67838828e-01
4.70109890e-01
4.70109890e-01
4.66324786e-01
4.71623932e-01
4.71623932e-01
4.71623932e-01
4.71623932e-01
4.70109890e-01
4.59511600e-01
4.57997558e-01
4.59511600e-01
4.68595849e-01
4.70866911e-01
4.71623932e-01
4.68595849e-01
4.70109890e-01
4.70109890e-01
4.70866911e-01
4.69352869e-01
4.71623932e-01
4.69352869e-01
4.70109890e-01
4.65567766e-01
4.68595849e-01
4.70866911e-01
4.69352869e-01
4.76923077e-01
4.76923077e-01
4.67838828e-01
4.67838828e-01
4.69352869e-01
4.69352869e-01
4.64810745e-01
4.67838828e-01
6.43467643e-01
4.59511600e-01
6.31355311e-01
6.28327228e-01
4.68595849e-01
6.45738706e-01
4.70866911e-01
4.69352869e-01
4.70109890e-01
4.69352869e-01
4.69352869e-01
4.70866911e-01
4.83736264e-01
4.72380952e-01
4.71623932e-01
6.32112332e-01
4.70109890e-01
4.70109890e-01
4.68595849e-01
4.36043956e-01
6.30598291e-01
6.32112332e-01
6.41953602e-01
4.67838828e-01
