8.58461538e-01
8.56947497e-01
8.56190476e-01
8.58461538e-01
8.56947497e-01
8.56190476e-01
8.56947497e-01
8.50134310e-01
8.57704518e-01
8.56190476e-01
8.53162393e-01
8.55433455e-01
8.54676435e-01
8.58461538e-01
8.56190476e-01
8.56190476e-01
8.57704518e-01
8.58461538e-01
8.58461538e-01
8.56190476e-01
8.62246642e-01
1.02273504e+00
8.58461538e-01
8.61489621e-01
8.52405372e-01
8.62246642e-01
8.58461538e-01
8.50891331e-01
8.59218559e-01
8.58461538e-01
8.55433455e-01
8.56947497e-01
8.56190476e-01
8.59218559e-01
8.55433455e-01
8.54676435e-01
8.57704518e-01
8.55433455e-01
8.63003663e-01
8.53162393e-01
1.03181929e+00
8.59975580e-01
8.54676435e-01
8.57704518e-01
8.59218559e-01
8.53919414e-01
8.56947497e-01
8.60732601e-01
8.57704518e-01
8.58461538e-01
8.59975580e-01
8.55433455e-01
8.56947497e-01
8.55433455e-01
8.58461538e-01
8.57704518e-01
8.57704518e-01
8.55433455e-01
8.57704518e-01
8.56190476e-01
8.56947497e-01
8.57704518e-01
8.54676435e-01
8.61489621e-01
8.56190476e-01
8.56190476e-01
8.58461538e-01
8.55433455e-01
8.58461538e-01
8.57704518e-01
8.56190476e-01
1.03181929e+00
1.03484737e+00
8.56190476e-01
8.65274725e-01
1.02122100e+00
8.69059829e-01
8.56190476e-01
8.59218559e-01
1.03181929e+00
8.56947497e-01
8.64517705e-01
8.53919414e-01
8.59218559e-01
8.56947497e-01
8.57704518e-01
8.56947497e-01
8.59975580e-01
8.58461538e-01
8.56190476e-01
8.47863248e-01
8.61489621e-01
8.56947497e-01
8.59218559e-01
8.56190476e-01
8.57704518e-01
8.56190476e-01
8.57704518e-01
8.57704518e-01
8.51648352e-01
8.59218559e-01
8.54676435e-01
8.58461538e-01
8.59218559e-01
8.59975580e-01
8.55433455e-01
1.03257631e+00
8.87985348e-01
8.56947497e-01
8.56190476e-01
8.56947497e-01
8.61489621e-01
1.01516484e+00
8.55433455e-01
1.03333333e+00
8.56947497e-01
8.62246642e-01
8.75115995e-01
8.58461538e-01
8.56947497e-01
8.55433455e-01
8.56947497e-01
8.58461538e-01
8.63003663e-01
8.58461538e-01
