4.11819292e-01
4.11819292e-01
4.33015873e-01
4.26202686e-01
4.25445665e-01
4.11819292e-01
4.22417582e-01
4.26202686e-01
4.33015873e-01
4.26202686e-01
5.98046398e-01
4.27716728e-01
4.14090354e-01
4.13333333e-01
4.14847375e-01
4.24688645e-01
4.24688645e-01
4.35286935e-01
5.98803419e-01
4.25445665e-01
4.24688645e-01
4.26202686e-01
4.26202686e-01
4.28473748e-01
4.27716728e-01
5.87448107e-01
5.85934066e-01
4.24688645e-01
5.98803419e-01
4.29230769e-01
5.96532357e-01
4.26959707e-01
5.87448107e-01
4.14847375e-01
4.14847375e-01
4.25445665e-01
4.24688645e-01
5.84420024e-01
5.98046398e-01
4.26959707e-01
4.30744811e-01
4.26202686e-01
4.26959707e-01
4.24688645e-01
4.25445665e-01
4.26202686e-01
4.25445665e-01
4.13333333e-01
4.10305250e-01
4.28473748e-01
4.33015873e-01
4.25445665e-01
4.25445665e-01
5.99560440e-01
4.28473748e-01
4.25445665e-01
4.25445665e-01
4.26959707e-01
4.24688645e-01
4.27716728e-01
4.25445665e-01
4.25445665e-01
4.22417582e-01
4.22417582e-01
4.26959707e-01
5.98046398e-01
5.94261294e-01
4.25445665e-01
4.26959707e-01
4.26959707e-01
5.99560440e-01
4.26202686e-01
5.98803419e-01
4.26959707e-01
4.28473748e-01
5.91233211e-01
4.22417582e-01
4.23174603e-01
5.98046398e-01
4.35286935e-01
5.96532357e-01
4.26202686e-01
4.26202686e-01
4.25445665e-01
4.29230769e-01
4.25445665e-01
4.26202686e-01
4.26202686e-01
4.26959707e-01
4.33015873e-01
4.23931624e-01
6.11672772e-01
4.25445665e-01
4.23174603e-01
4.27716728e-01
4.24688645e-01
4.24688645e-01
4.26202686e-01
4.28473748e-01
4.28473748e-01
4.11819292e-01
4.26202686e-01
4.28473748e-01
4.11819292e-01
3.87594628e-01
4.25445665e-01
4.26959707e-01
4.26959707e-01
4.26202686e-01
4.27716728e-01
4.25445665e-01
4.26202686e-01
4.26959707e-01
4.24688645e-01
4.26202686e-01
4.25445665e-01
4.25445665e-01
4.25445665e-01
4.26959707e-01
4.26959707e-01
4.26202686e-01
4.25445665e-01
4.26202686e-01
4.24688645e-01
4.26959707e-01
4.26959707e-01
