4.11062271e-01
4.18632479e-01
4.23174603e-01
4.12576313e-01
4.14090354e-01
4.23174603e-01
4.11062271e-01
4.13333333e-01
4.14090354e-01
4.13333333e-01
4.19389499e-01
4.14847375e-01
4.15604396e-01
4.14090354e-01
4.15604396e-01
4.12576313e-01
4.13333333e-01
4.12576313e-01
4.12576313e-01
5.89719170e-01
5.82148962e-01
4.14847375e-01
3.87594628e-01
4.14090354e-01
4.26959707e-01
4.19389499e-01
4.15604396e-01
4.13333333e-01
4.13333333e-01
4.14090354e-01
4.13333333e-01
4.14090354e-01
4.14847375e-01
4.14090354e-01
4.14847375e-01
4.13333333e-01
4.14090354e-01
4.12576313e-01
4.13333333e-01
4.18632479e-01
4.17875458e-01
4.16361416e-01
4.14847375e-01
4.13333333e-01
4.17875458e-01
4.14090354e-01
4.14847375e-01
3.87594628e-01
3.87594628e-01
4.15604396e-01
5.86691087e-01
4.17118437e-01
5.86691087e-01
5.86691087e-01
4.15604396e-01
4.14090354e-01
4.14090354e-01
5.85934066e-01
4.14090354e-01
4.11062271e-01
4.19389499e-01
4.19389499e-01
4.11062271e-01
5.86691087e-01
4.13333333e-01
4.12576313e-01
4.15604396e-01
4.14090354e-01
4.16361416e-01
4.14090354e-01
4.13333333e-01
4.14847375e-01
4.09548230e-01
5.96532357e-01
4.17875458e-01
5.79877900e-01
4.16361416e-01
5.77606838e-01
4.17118437e-01
5.87448107e-01
4.14090354e-01
4.14090354e-01
5.85934066e-01
4.16361416e-01
5.87448107e-01
4.20903541e-01
4.17875458e-01
4.14090354e-01
3.87594628e-01
5.85177045e-01
4.13333333e-01
4.16361416e-01
5.83663004e-01
4.29987790e-01
4.14847375e-01
4.26202686e-01
4.14847375e-01
5.87448107e-01
4.12576313e-01
4.08791209e-01
4.14847375e-01
4.14090354e-01
5.75335775e-01
4.14090354e-01
4.16361416e-01
4.14847375e-01
4.20146520e-01
4.16361416e-01
4.14090354e-01
4.13333333e-01
5.82148962e-01
4.16361416e-01
4.13333333e-01
4.17875458e-01
3.87594628e-01
4.14847375e-01
4.14847375e-01
5.86691087e-01
5.86691087e-01
4.14847375e-01
5.87448107e-01
4.17118437e-01
4.14847375e-01
5.86691087e-01
4.17118437e-01
