7.63833944e-01
7.52478632e-01
7.50207570e-01
7.53992674e-01
7.50207570e-01
7.49450549e-01
7.48693529e-01
7.49450549e-01
7.52478632e-01
9.27350427e-01
9.18266178e-01
7.53235653e-01
7.50207570e-01
7.51721612e-01
7.48693529e-01
7.55506716e-01
7.57777778e-01
7.53235653e-01
7.53992674e-01
7.50964591e-01
9.22051282e-01
7.51721612e-01
7.50964591e-01
7.53235653e-01
7.50964591e-01
7.53235653e-01
7.47179487e-01
7.51721612e-01
7.52478632e-01
7.57020757e-01
7.51721612e-01
7.51721612e-01
7.50964591e-01
9.28107448e-01
7.52478632e-01
7.52478632e-01
7.50207570e-01
7.50207570e-01
7.55506716e-01
9.21294261e-01
7.52478632e-01
7.53235653e-01
7.50964591e-01
7.53235653e-01
7.51721612e-01
7.50964591e-01
9.25079365e-01
7.50964591e-01
7.52478632e-01
7.52478632e-01
7.62319902e-01
7.52478632e-01
7.51721612e-01
7.52478632e-01
7.50964591e-01
7.50207570e-01
7.52478632e-01
9.28107448e-01
7.56263736e-01
9.23565324e-01
7.50964591e-01
9.28864469e-01
7.53235653e-01
7.53235653e-01
7.50964591e-01
7.50207570e-01
7.50964591e-01
7.53992674e-01
7.52478632e-01
9.15995116e-01
7.50207570e-01
7.54749695e-01
7.52478632e-01
7.51721612e-01
7.50207570e-01
7.53235653e-01
7.55506716e-01
7.50964591e-01
7.52478632e-01
7.53235653e-01
7.50964591e-01
7.47936508e-01
7.50207570e-01
7.52478632e-01
7.52478632e-01
7.53235653e-01
7.51721612e-01
7.50207570e-01
7.50207570e-01
7.46422466e-01
7.50964591e-01
7.52478632e-01
7.52478632e-01
7.52478632e-01
7.52478632e-01
7.50207570e-01
7.50964591e-01
7.53992674e-01
9.25836386e-01
7.50964591e-01
7.51721612e-01
7.48693529e-01
7.53235653e-01
7.52478632e-01
7.57777778e-01
7.51721612e-01
7.50207570e-01
7.49450549e-01
7.53235653e-01
7.44908425e-01
7.50964591e-01
7.50964591e-01
7.51721612e-01
7.53235653e-01
7.50964591e-01
7.50964591e-01
7.52478632e-01
7.53235653e-01
7.47936508e-01
7.51721612e-01
7.53235653e-01
7.50964591e-01
7.52478632e-01
7.53235653e-01
7.51721612e-01
