8.98583639e-01
9.03125763e-01
8.98583639e-01
8.93284493e-01
8.99340659e-01
9.00097680e-01
9.01611722e-01
8.96312576e-01
9.03882784e-01
9.00097680e-01
8.98583639e-01
9.01611722e-01
8.97826618e-01
8.98583639e-01
8.99340659e-01
9.02368742e-01
8.98583639e-01
9.05396825e-01
9.00854701e-01
1.06815629e+00
1.07421245e+00
9.03125763e-01
1.07194139e+00
9.00097680e-01
9.01611722e-01
1.07648352e+00
9.02368742e-01
9.19780220e-01
1.07572650e+00
9.13724054e-01
1.07194139e+00
9.03125763e-01
1.07572650e+00
8.97826618e-01
1.07118437e+00
8.99340659e-01
9.01611722e-01
8.97826618e-01
8.98583639e-01
9.00854701e-01
8.99340659e-01
9.03882784e-01
8.99340659e-01
9.01611722e-01
9.00854701e-01
8.99340659e-01
9.02368742e-01
9.00097680e-01
8.98583639e-01
9.11452991e-01
9.09938950e-01
9.03125763e-01
8.99340659e-01
9.00097680e-01
9.00097680e-01
8.88742369e-01
9.07667888e-01
9.08424908e-01
9.09181929e-01
8.97826618e-01
9.03125763e-01
9.00854701e-01
9.00854701e-01
9.00854701e-01
9.00854701e-01
8.99340659e-01
9.01611722e-01
9.03882784e-01
9.01611722e-01
9.00097680e-01
1.08329670e+00
9.01611722e-01
8.99340659e-01
9.00097680e-01
9.00854701e-01
9.00097680e-01
9.01611722e-01
1.07421245e+00
9.03882784e-01
9.00854701e-01
8.99340659e-01
9.01611722e-01
8.99340659e-01
8.99340659e-01
9.03882784e-01
9.01611722e-01
8.97826618e-01
9.00854701e-01
1.07118437e+00
1.07572650e+00
9.01611722e-01
9.12967033e-01
9.11452991e-01
9.11452991e-01
8.99340659e-01
8.99340659e-01
9.02368742e-01
8.97826618e-01
1.07496947e+00
8.91770452e-01
8.94798535e-01
9.07667888e-01
8.97069597e-01
8.99340659e-01
9.12210012e-01
9.02368742e-01
9.01611722e-01
9.00854701e-01
9.02368742e-01
8.97069597e-01
9.04639805e-01
9.00854701e-01
9.00854701e-01
8.97826618e-01
9.01611722e-01
8.94798535e-01
8.99340659e-01
9.03125763e-01
9.02368742e-01
8.99340659e-01
8.72087912e-01
9.02368742e-01
8.98583639e-01
1.07496947e+00
8.97826618e-01
1.07421245e+00
