1.47089133e+00
1.46786325e+00
1.47467643e+00
1.47240537e+00
1.47089133e+00
1.46937729e+00
1.47164835e+00
1.46937729e+00
1.47316239e+00
1.47089133e+00
1.47089133e+00
1.46937729e+00
1.47089133e+00
1.47921856e+00
1.46559219e+00
1.47391941e+00
1.48148962e+00
1.48300366e+00
1.48300366e+00
1.48073260e+00
1.65863248e+00
1.48527473e+00
1.48073260e+00
1.48527473e+00
1.47921856e+00
1.47997558e+00
1.48300366e+00
1.47846154e+00
1.48300366e+00
1.48300366e+00
1.48073260e+00
1.48376068e+00
1.48451770e+00
1.48451770e+00
1.48224664e+00
1.48300366e+00
1.48148962e+00
1.48224664e+00
1.48300366e+00
1.47997558e+00
1.48451770e+00
1.48148962e+00
1.48073260e+00
1.48603175e+00
1.48148962e+00
1.47770452e+00
1.48073260e+00
1.48073260e+00
1.48527473e+00
1.48300366e+00
1.49435897e+00
1.48224664e+00
1.48073260e+00
1.48905983e+00
1.65863248e+00
1.48148962e+00
1.48905983e+00
1.66620269e+00
1.48905983e+00
1.49208791e+00
1.48678877e+00
1.48981685e+00
1.48754579e+00
