4.02735043e-01
4.02735043e-01
4.00463980e-01
4.02735043e-01
5.63980464e-01
4.13333333e-01
4.05763126e-01
4.05763126e-01
4.10305250e-01
4.01221001e-01
4.03492063e-01
4.01221001e-01
4.01221001e-01
4.02735043e-01
4.02735043e-01
4.04249084e-01
4.03492063e-01
4.01221001e-01
4.05006105e-01
4.03492063e-01
4.02735043e-01
4.05006105e-01
4.03492063e-01
4.02735043e-01
4.02735043e-01
4.02735043e-01
4.02735043e-01
5.76092796e-01
4.04249084e-01
4.05763126e-01
5.73064713e-01
4.03492063e-01
4.04249084e-01
4.05006105e-01
4.04249084e-01
4.05763126e-01
4.04249084e-01
4.20146520e-01
4.09548230e-01
5.75335775e-01
5.72307692e-01
5.61709402e-01
4.05006105e-01
4.07277167e-01
5.67765568e-01
3.98949939e-01
4.01978022e-01
4.05763126e-01
4.10305250e-01
4.04249084e-01
4.02735043e-01
4.05006105e-01
5.77606838e-01
4.03492063e-01
4.02735043e-01
4.04249084e-01
4.01221001e-01
4.05763126e-01
4.04249084e-01
4.03492063e-01
5.69279609e-01
4.02735043e-01
4.01221001e-01
4.05006105e-01
4.06520147e-01
4.01978022e-01
4.01978022e-01
4.03492063e-01
4.04249084e-01
4.03492063e-01
4.01978022e-01
4.01221001e-01
4.05763126e-01
4.02735043e-01
5.71550672e-01
5.74578755e-01
4.02735043e-01
4.03492063e-01
4.05006105e-01
4.03492063e-01
4.03492063e-01
4.03492063e-01
4.03492063e-01
4.01978022e-01
4.01978022e-01
4.02735043e-01
5.70793651e-01
5.74578755e-01
4.02735043e-01
4.01978022e-01
4.05763126e-01
4.03492063e-01
4.02735043e-01
4.06520147e-01
4.03492063e-01
4.04249084e-01
3.99706960e-01
4.01978022e-01
4.07277167e-01
4.01978022e-01
4.05763126e-01
4.01978022e-01
5.69279609e-01
4.05006105e-01
5.72307692e-01
4.04249084e-01
5.76092796e-01
4.08034188e-01
4.09548230e-01
4.11062271e-01
4.09548230e-01
4.06520147e-01
5.76849817e-01
4.03492063e-01
4.01978022e-01
4.02735043e-01
4.00463980e-01
4.01978022e-01
4.05006105e-01
4.01978022e-01
4.07277167e-01
5.74578755e-01
5.88205128e-01
4.05006105e-01
4.00463980e-01
4.00463980e-01
