3.58827839e-01
3.57313797e-01
3.39145299e-01
5.42783883e-01
5.40512821e-01
3.67155067e-01
3.66398046e-01
3.66398046e-01
3.69426129e-01
3.70940171e-01
3.60341880e-01
3.57313797e-01
3.57313797e-01
3.56556777e-01
3.55799756e-01
3.61855922e-01
5.29157509e-01
3.57313797e-01
3.55042735e-01
3.58070818e-01
3.59584860e-01
3.56556777e-01
3.57313797e-01
3.57313797e-01
3.61855922e-01
3.61855922e-01
5.29914530e-01
3.58827839e-01
3.68669109e-01
5.39755800e-01
3.58070818e-01
3.90622711e-01
3.56556777e-01
3.71697192e-01
3.67912088e-01
3.57313797e-01
3.57313797e-01
3.59584860e-01
3.55799756e-01
3.57313797e-01
3.60341880e-01
3.56556777e-01
3.57313797e-01
3.68669109e-01
3.67912088e-01
3.56556777e-01
3.61098901e-01
3.58827839e-01
3.59584860e-01
3.55042735e-01
3.58827839e-01
3.56556777e-01
5.33699634e-01
3.58070818e-01
3.57313797e-01
3.58827839e-01
5.29157509e-01
3.61098901e-01
3.57313797e-01
3.57313797e-01
3.64126984e-01
3.68669109e-01
3.71697192e-01
3.67912088e-01
3.68669109e-01
3.57313797e-01
3.58070818e-01
3.58070818e-01
3.56556777e-01
3.57313797e-01
3.57313797e-01
3.54285714e-01
3.58070818e-01
3.48986569e-01
3.58070818e-01
3.57313797e-01
5.29157509e-01
3.58070818e-01
3.56556777e-01
3.58070818e-01
3.62612943e-01
3.55799756e-01
3.57313797e-01
3.71697192e-01
3.79267399e-01
3.57313797e-01
3.60341880e-01
3.56556777e-01
3.93650794e-01
3.67912088e-01
3.59584860e-01
3.57313797e-01
3.57313797e-01
3.57313797e-01
3.54285714e-01
3.62612943e-01
5.32185592e-01
3.58827839e-01
3.48986569e-01
3.58070818e-01
3.61855922e-01
3.56556777e-01
3.58070818e-01
3.69426129e-01
3.69426129e-01
3.70183150e-01
3.68669109e-01
3.68669109e-01
3.69426129e-01
3.73968254e-01
3.56556777e-01
3.56556777e-01
3.59584860e-01
3.67912088e-01
3.55799756e-01
3.70183150e-01
3.67912088e-01
3.68669109e-01
3.69426129e-01
3.67155067e-01
3.61855922e-01
3.57313797e-01
5.26886447e-01
3.58070818e-01
3.58070818e-01
