7.14627595e-01
5.47326007e-01
5.50354090e-01
5.46568987e-01
5.49597070e-01
5.44297924e-01
7.21440781e-01
5.32942613e-01
7.19926740e-01
5.45811966e-01
5.46568987e-01
5.50354090e-01
5.52625153e-01
5.52625153e-01
5.47326007e-01
5.48083028e-01
5.47326007e-01
5.48083028e-01
5.49597070e-01
7.19926740e-01
5.48083028e-01
5.51111111e-01
5.51868132e-01
5.52625153e-01
5.49597070e-01
5.48083028e-01
5.48083028e-01
5.49597070e-01
7.12356532e-01
5.48083028e-01
5.48840049e-01
5.48083028e-01
5.56410256e-01
7.17655678e-01
5.45811966e-01
5.51111111e-01
5.46568987e-01
5.47326007e-01
5.43540904e-01
5.48840049e-01
5.47326007e-01
5.48083028e-01
5.50354090e-01
7.20683761e-01
5.50354090e-01
5.47326007e-01
5.40512821e-01
5.51868132e-01
5.44297924e-01
5.47326007e-01
5.46568987e-01
5.50354090e-01
5.45054945e-01
5.48083028e-01
5.47326007e-01
7.04786325e-01
5.47326007e-01
5.48083028e-01
7.22197802e-01
5.48840049e-01
7.19169719e-01
7.11599512e-01
5.45811966e-01
5.44297924e-01
7.20683761e-01
5.48840049e-01
5.47326007e-01
5.49597070e-01
5.47326007e-01
5.46568987e-01
5.48083028e-01
5.47326007e-01
5.48083028e-01
5.45054945e-01
5.50354090e-01
5.47326007e-01
5.47326007e-01
5.48840049e-01
5.47326007e-01
7.19926740e-01
5.48840049e-01
5.48083028e-01
5.50354090e-01
5.48083028e-01
5.46568987e-01
7.21440781e-01
7.20683761e-01
5.45054945e-01
7.25982906e-01
5.48083028e-01
5.47326007e-01
5.45811966e-01
5.48840049e-01
5.49597070e-01
5.49597070e-01
5.50354090e-01
5.46568987e-01
5.53382173e-01
5.48840049e-01
5.47326007e-01
7.21440781e-01
5.48083028e-01
5.49597070e-01
5.63223443e-01
5.48840049e-01
5.51868132e-01
5.66251526e-01
5.53382173e-01
5.48840049e-01
7.20683761e-01
5.45054945e-01
5.46568987e-01
5.48840049e-01
5.53382173e-01
5.45054945e-01
5.47326007e-01
5.47326007e-01
5.49597070e-01
5.45811966e-01
5.46568987e-01
5.48083028e-01
7.13113553e-01
5.51111111e-01
5.46568987e-01
5.47326007e-01
