8.14554335e-01
8.19096459e-01
8.15311355e-01
8.17582418e-01
8.13040293e-01
8.32722833e-01
8.38021978e-01
8.14554335e-01
8.09255189e-01
8.13040293e-01
8.12283272e-01
7.99413919e-01
8.13797314e-01
8.14554335e-01
8.13040293e-01
8.17582418e-01
8.10769231e-01
8.15311355e-01
8.14554335e-01
8.15311355e-01
8.13797314e-01
9.89426129e-01
8.14554335e-01
8.22124542e-01
8.07741148e-01
9.85641026e-01
8.13040293e-01
8.25909646e-01
8.19853480e-01
8.13797314e-01
8.16068376e-01
8.14554335e-01
8.14554335e-01
8.13797314e-01
8.11526252e-01
8.17582418e-01
8.16825397e-01
8.15311355e-01
7.99413919e-01
9.84126984e-01
8.15311355e-01
9.87912088e-01
8.17582418e-01
8.13040293e-01
8.14554335e-01
8.13797314e-01
8.13797314e-01
8.15311355e-01
8.13797314e-01
8.13797314e-01
7.75189255e-01
8.25909646e-01
8.25152625e-01
8.23638584e-01
8.27423687e-01
9.99267399e-01
8.21367521e-01
8.16825397e-01
8.13797314e-01
9.90940171e-01
9.74285714e-01
7.75189255e-01
8.18339438e-01
8.13040293e-01
8.10012210e-01
8.14554335e-01
8.13040293e-01
8.15311355e-01
8.12283272e-01
8.13040293e-01
8.15311355e-01
8.10012210e-01
8.13797314e-01
8.12283272e-01
8.11526252e-01
8.13040293e-01
8.13040293e-01
8.14554335e-01
8.13797314e-01
8.13797314e-01
8.13797314e-01
8.13797314e-01
8.13797314e-01
8.20610501e-01
8.14554335e-01
8.13797314e-01
8.13797314e-01
8.14554335e-01
7.99413919e-01
8.12283272e-01
8.11526252e-01
8.15311355e-01
8.12283272e-01
8.12283272e-01
8.16068376e-01
8.11526252e-01
8.14554335e-01
8.13797314e-01
8.10769231e-01
8.14554335e-01
8.13797314e-01
8.13040293e-01
8.13040293e-01
8.13797314e-01
8.21367521e-01
9.81098901e-01
8.13040293e-01
8.11526252e-01
9.88669109e-01
8.13797314e-01
8.13040293e-01
8.15311355e-01
8.17582418e-01
8.10769231e-01
8.13040293e-01
8.21367521e-01
8.13797314e-01
8.15311355e-01
8.13797314e-01
