3.48986569e-01
3.48986569e-01
3.45201465e-01
3.43687424e-01
3.44444444e-01
3.48986569e-01
3.36874237e-01
3.33089133e-01
3.34603175e-01
3.47472527e-01
3.44444444e-01
3.47472527e-01
3.46715507e-01
3.45958486e-01
3.45201465e-01
3.58070818e-01
3.46715507e-01
3.40659341e-01
4.84493284e-01
5.18559219e-01
3.47472527e-01
3.44444444e-01
3.47472527e-01
3.50500611e-01
3.46715507e-01
3.47472527e-01
3.48986569e-01
3.45201465e-01
3.44444444e-01
3.29304029e-01
4.98119658e-01
3.52014652e-01
3.43687424e-01
3.45201465e-01
3.44444444e-01
3.48229548e-01
3.48229548e-01
3.46715507e-01
3.45201465e-01
5.16288156e-01
3.46715507e-01
3.45958486e-01
3.43687424e-01
3.46715507e-01
3.40659341e-01
3.45958486e-01
3.47472527e-01
3.55042735e-01
3.43687424e-01
3.45201465e-01
3.45958486e-01
3.46715507e-01
3.44444444e-01
3.44444444e-01
3.46715507e-01
3.46715507e-01
3.47472527e-01
3.46715507e-01
3.45958486e-01
3.45201465e-01
5.20073260e-01
3.48986569e-01
3.52014652e-01
5.18559219e-01
3.46715507e-01
3.46715507e-01
3.47472527e-01
5.17802198e-01
3.45201465e-01
3.45958486e-01
3.53528694e-01
3.47472527e-01
3.46715507e-01
3.42930403e-01
5.09474969e-01
3.45201465e-01
3.45201465e-01
3.41416361e-01
5.17802198e-01
3.47472527e-01
3.46715507e-01
3.35360195e-01
3.32332112e-01
3.33846154e-01
3.45958486e-01
2.90695971e-01
3.47472527e-01
3.46715507e-01
3.46715507e-01
3.50500611e-01
3.43687424e-01
3.35360195e-01
3.35360195e-01
3.34603175e-01
3.51257631e-01
3.45201465e-01
3.52771673e-01
3.43687424e-01
3.46715507e-01
3.47472527e-01
3.49743590e-01
3.32332112e-01
3.33089133e-01
3.31575092e-01
3.44444444e-01
3.45958486e-01
3.50500611e-01
3.45201465e-01
3.45958486e-01
3.45958486e-01
3.46715507e-01
3.49743590e-01
3.45201465e-01
5.04932845e-01
3.42930403e-01
5.10231990e-01
3.47472527e-01
3.47472527e-01
3.42173382e-01
3.47472527e-01
3.45958486e-01
3.49743590e-01
3.47472527e-01
3.46715507e-01
3.44444444e-01
3.45958486e-01
