1.07345543e+00
1.07951160e+00
1.07724054e+00
1.07421245e+00
1.07421245e+00
1.07269841e+00
1.07799756e+00
1.07345543e+00
1.07724054e+00
1.07648352e+00
1.07421245e+00
1.07724054e+00
1.07194139e+00
1.07421245e+00
1.07345543e+00
1.07118437e+00
1.07648352e+00
1.07421245e+00
1.07269841e+00
1.07269841e+00
1.07194139e+00
1.07724054e+00
1.07496947e+00
1.07572650e+00
1.07345543e+00
1.07269841e+00
1.07421245e+00
1.07269841e+00
1.07724054e+00
1.07421245e+00
1.07345543e+00
1.07042735e+00
1.07496947e+00
1.07421245e+00
1.07648352e+00
1.07421245e+00
1.06891331e+00
1.08253968e+00
1.07269841e+00
1.07572650e+00
1.08178266e+00
1.07724054e+00
1.07572650e+00
1.07496947e+00
1.07496947e+00
1.07572650e+00
1.07345543e+00
1.07496947e+00
1.07648352e+00
1.07496947e+00
1.07421245e+00
1.07572650e+00
1.07345543e+00
1.07496947e+00
1.07496947e+00
1.07421245e+00
1.07194139e+00
1.07421245e+00
1.07345543e+00
1.07345543e+00
1.07421245e+00
1.07496947e+00
1.07875458e+00
1.07345543e+00
1.08632479e+00
1.07724054e+00
1.07269841e+00
1.07724054e+00
1.07421245e+00
1.07345543e+00
1.07572650e+00
1.07421245e+00
1.06967033e+00
1.07345543e+00
1.07648352e+00
1.07724054e+00
1.09540904e+00
1.07421245e+00
1.07496947e+00
1.07724054e+00
1.07345543e+00
1.07194139e+00
1.07496947e+00
1.07421245e+00
1.07572650e+00
1.07421245e+00
1.07799756e+00
1.09238095e+00
1.07572650e+00
1.07421245e+00
1.07572650e+00
1.07345543e+00
1.07345543e+00
1.07496947e+00
1.07496947e+00
1.07572650e+00
1.07496947e+00
1.07572650e+00
1.07799756e+00
1.07269841e+00
1.07421245e+00
1.07648352e+00
1.07799756e+00
1.07724054e+00
1.07194139e+00
1.07269841e+00
1.08329670e+00
1.07118437e+00
1.07496947e+00
1.07799756e+00
1.07572650e+00
1.07572650e+00
1.07496947e+00
1.07269841e+00
1.07345543e+00
1.07345543e+00
1.07875458e+00
