1.46105006e+00
1.46180708e+00
1.46256410e+00
1.46483516e+00
1.47316239e+00
1.47240537e+00
1.46256410e+00
1.46332112e+00
1.46332112e+00
1.47240537e+00
1.46332112e+00
1.46180708e+00
1.46483516e+00
1.47391941e+00
1.47316239e+00
1.47391941e+00
1.47089133e+00
1.47694750e+00
1.46483516e+00
1.45953602e+00
1.45877900e+00
1.46180708e+00
1.46332112e+00
1.47164835e+00
1.47089133e+00
1.46105006e+00
1.45953602e+00
1.46483516e+00
1.47164835e+00
1.46180708e+00
1.46029304e+00
1.46483516e+00
1.46029304e+00
1.45953602e+00
1.46105006e+00
1.46180708e+00
1.46332112e+00
1.46862027e+00
1.45877900e+00
1.45575092e+00
1.46180708e+00
1.46029304e+00
1.46332112e+00
1.47089133e+00
1.47089133e+00
1.45953602e+00
1.46256410e+00
1.46407814e+00
1.46105006e+00
1.46634921e+00
1.45953602e+00
1.46105006e+00
1.45802198e+00
1.46029304e+00
1.46256410e+00
1.45802198e+00
1.45726496e+00
1.46105006e+00
1.45877900e+00
1.46483516e+00
1.45877900e+00
1.46332112e+00
1.46105006e+00
1.45802198e+00
1.46256410e+00
1.46180708e+00
1.46180708e+00
1.45953602e+00
1.45877900e+00
1.46256410e+00
1.46332112e+00
1.46180708e+00
1.46029304e+00
1.45877900e+00
1.47240537e+00
1.47013431e+00
1.46180708e+00
1.46710623e+00
1.46407814e+00
1.45802198e+00
1.46180708e+00
1.46180708e+00
1.46180708e+00
1.46180708e+00
1.46180708e+00
1.46483516e+00
1.46256410e+00
1.46256410e+00
1.46029304e+00
1.46256410e+00
1.46256410e+00
1.46105006e+00
1.46256410e+00
1.46256410e+00
1.46483516e+00
1.46105006e+00
1.46105006e+00
1.46180708e+00
1.46105006e+00
1.47467643e+00
1.47316239e+00
1.47316239e+00
1.46029304e+00
1.47240537e+00
1.46937729e+00
1.46483516e+00
1.46029304e+00
1.46180708e+00
1.46180708e+00
1.45347985e+00
1.46256410e+00
1.46332112e+00
1.46180708e+00
