5.96532357e-01
5.93504274e-01
5.92747253e-01
5.91990232e-01
5.93504274e-01
5.89719170e-01
5.90476190e-01
5.93504274e-01
5.94261294e-01
5.91233211e-01
5.91990232e-01
5.92747253e-01
5.89719170e-01
5.93504274e-01
5.94261294e-01
5.91990232e-01
5.91233211e-01
5.93504274e-01
5.89719170e-01
6.01074481e-01
5.93504274e-01
5.92747253e-01
5.95018315e-01
5.93504274e-01
5.91990232e-01
5.91990232e-01
5.92747253e-01
5.93504274e-01
6.16214896e-01
5.91990232e-01
5.92747253e-01
5.91990232e-01
5.94261294e-01
5.92747253e-01
5.91990232e-01
5.92747253e-01
5.92747253e-01
5.94261294e-01
5.95018315e-01
5.91990232e-01
5.92747253e-01
5.95018315e-01
5.92747253e-01
5.90476190e-01
5.89719170e-01
5.92747253e-01
5.94261294e-01
5.93504274e-01
5.93504274e-01
5.90476190e-01
5.96532357e-01
5.94261294e-01
5.92747253e-01
5.90476190e-01
5.89719170e-01
5.91233211e-01
5.98046398e-01
5.93504274e-01
5.89719170e-01
5.91233211e-01
5.93504274e-01
5.95018315e-01
5.95018315e-01
5.91990232e-01
5.91990232e-01
5.91233211e-01
5.93504274e-01
5.91233211e-01
5.91990232e-01
5.90476190e-01
5.91990232e-01
5.93504274e-01
5.91990232e-01
5.92747253e-01
5.93504274e-01
5.93504274e-01
5.93504274e-01
5.92747253e-01
5.90476190e-01
5.93504274e-01
5.92747253e-01
5.91233211e-01
5.91233211e-01
5.91990232e-01
5.92747253e-01
5.91990232e-01
5.92747253e-01
5.88205128e-01
5.88962149e-01
5.93504274e-01
5.91990232e-01
5.91990232e-01
5.91990232e-01
5.92747253e-01
5.91990232e-01
5.93504274e-01
5.96532357e-01
5.92747253e-01
5.93504274e-01
5.96532357e-01
5.92747253e-01
5.93504274e-01
5.93504274e-01
5.93504274e-01
5.92747253e-01
5.92747253e-01
5.92747253e-01
5.96532357e-01
5.91990232e-01
5.95018315e-01
5.96532357e-01
5.95775336e-01
5.95018315e-01
5.93504274e-01
5.90476190e-01
5.92747253e-01
6.00317460e-01
