3.87594628e-01
4.25445665e-01
4.11819292e-01
3.87594628e-01
3.87594628e-01
3.87594628e-01
3.87594628e-01
3.87594628e-01
3.87594628e-01
4.25445665e-01
4.26202686e-01
3.87594628e-01
3.87594628e-01
4.26202686e-01
4.11819292e-01
4.26202686e-01
4.26202686e-01
4.26202686e-01
4.25445665e-01
3.87594628e-01
4.25445665e-01
4.25445665e-01
4.26202686e-01
4.25445665e-01
4.24688645e-01
3.87594628e-01
3.87594628e-01
4.24688645e-01
4.26202686e-01
4.24688645e-01
4.23174603e-01
4.25445665e-01
4.24688645e-01
4.22417582e-01
4.26202686e-01
