1.01062271e+00
1.02122100e+00
1.03030525e+00
1.00910867e+00
1.00759463e+00
1.01062271e+00
1.01062271e+00
1.00835165e+00
1.01365079e+00
1.00910867e+00
1.00759463e+00
1.00759463e+00
1.00986569e+00
1.01062271e+00
1.00759463e+00
1.01137973e+00
1.01894994e+00
1.01440781e+00
1.00835165e+00
1.00910867e+00
1.01289377e+00
1.01137973e+00
1.01213675e+00
1.00683761e+00
1.01213675e+00
1.01062271e+00
1.00835165e+00
1.01213675e+00
1.09313797e+00
1.01970696e+00
1.00759463e+00
1.00986569e+00
1.01440781e+00
1.00759463e+00
1.00759463e+00
1.00835165e+00
1.02122100e+00
1.01062271e+00
1.01062271e+00
1.01062271e+00
1.01062271e+00
1.01289377e+00
1.00835165e+00
1.01213675e+00
1.00380952e+00
1.01137973e+00
1.01062271e+00
1.00759463e+00
1.00759463e+00
1.02273504e+00
1.01970696e+00
1.00910867e+00
1.00986569e+00
1.00835165e+00
1.00986569e+00
1.02122100e+00
1.01970696e+00
1.02576313e+00
1.02652015e+00
1.02273504e+00
1.02197802e+00
1.02122100e+00
1.01213675e+00
1.00986569e+00
1.01970696e+00
1.02122100e+00
1.02727717e+00
1.02273504e+00
1.02046398e+00
1.01365079e+00
1.01365079e+00
1.01137973e+00
1.01137973e+00
1.00986569e+00
1.01137973e+00
1.01062271e+00
1.01062271e+00
1.01062271e+00
1.01289377e+00
1.01137973e+00
1.01970696e+00
1.02197802e+00
1.01137973e+00
1.01062271e+00
1.02273504e+00
1.01970696e+00
1.02046398e+00
1.01062271e+00
1.01894994e+00
1.01062271e+00
1.00910867e+00
1.00986569e+00
1.01667888e+00
1.01137973e+00
1.00683761e+00
1.00835165e+00
1.01137973e+00
1.00986569e+00
1.01289377e+00
1.01137973e+00
1.00608059e+00
1.00835165e+00
1.01062271e+00
1.01289377e+00
1.00835165e+00
1.00910867e+00
1.00910867e+00
1.02197802e+00
1.01970696e+00
