5.47326007e-01
5.50354090e-01
5.46568987e-01
5.49597070e-01
5.44297924e-01
5.32942613e-01
5.45811966e-01
5.46568987e-01
5.50354090e-01
5.52625153e-01
5.52625153e-01
5.47326007e-01
5.48083028e-01
5.47326007e-01
5.48083028e-01
5.49597070e-01
5.48083028e-01
5.51111111e-01
5.51868132e-01
5.52625153e-01
5.49597070e-01
5.48083028e-01
5.48083028e-01
5.49597070e-01
5.48083028e-01
5.48840049e-01
5.48083028e-01
5.56410256e-01
5.45811966e-01
5.51111111e-01
5.46568987e-01
5.47326007e-01
5.43540904e-01
5.48840049e-01
5.47326007e-01
5.48083028e-01
5.50354090e-01
5.50354090e-01
5.47326007e-01
5.40512821e-01
5.51868132e-01
5.44297924e-01
5.47326007e-01
5.46568987e-01
5.50354090e-01
5.45054945e-01
5.48083028e-01
5.47326007e-01
5.47326007e-01
5.48083028e-01
5.48840049e-01
5.45811966e-01
5.44297924e-01
5.48840049e-01
5.47326007e-01
5.49597070e-01
5.47326007e-01
5.46568987e-01
5.48083028e-01
5.47326007e-01
5.48083028e-01
5.45054945e-01
5.50354090e-01
5.47326007e-01
5.47326007e-01
5.48840049e-01
5.47326007e-01
5.48840049e-01
5.48083028e-01
5.50354090e-01
5.48083028e-01
5.46568987e-01
5.45054945e-01
5.48083028e-01
5.47326007e-01
5.45811966e-01
5.48840049e-01
5.49597070e-01
5.49597070e-01
5.50354090e-01
5.46568987e-01
5.53382173e-01
5.48840049e-01
5.47326007e-01
5.48083028e-01
5.49597070e-01
5.63223443e-01
5.48840049e-01
5.51868132e-01
5.66251526e-01
5.53382173e-01
5.48840049e-01
5.45054945e-01
5.46568987e-01
5.48840049e-01
5.53382173e-01
5.45054945e-01
5.47326007e-01
5.47326007e-01
5.49597070e-01
5.45811966e-01
5.46568987e-01
5.48083028e-01
5.51111111e-01
5.46568987e-01
5.47326007e-01
