5.57167277e-01
5.58681319e-01
5.60195360e-01
5.58681319e-01
5.60952381e-01
5.61709402e-01
5.59438339e-01
5.59438339e-01
5.60195360e-01
5.61709402e-01
5.59438339e-01
5.59438339e-01
5.60195360e-01
5.58681319e-01
5.70793651e-01
5.60195360e-01
5.32942613e-01
5.58681319e-01
5.59438339e-01
5.60195360e-01
5.60952381e-01
5.60195360e-01
5.58681319e-01
5.59438339e-01
5.60195360e-01
5.62466422e-01
5.60952381e-01
5.62466422e-01
5.59438339e-01
5.57924298e-01
5.62466422e-01
5.85934066e-01
5.60195360e-01
5.59438339e-01
5.63223443e-01
5.58681319e-01
5.61709402e-01
5.59438339e-01
5.32942613e-01
5.59438339e-01
5.62466422e-01
5.57167277e-01
5.58681319e-01
5.59438339e-01
5.60195360e-01
5.60195360e-01
5.65494505e-01
5.54139194e-01
5.59438339e-01
5.59438339e-01
5.69279609e-01
5.59438339e-01
5.57924298e-01
5.61709402e-01
5.60952381e-01
5.59438339e-01
5.59438339e-01
5.62466422e-01
5.58681319e-01
5.66251526e-01
5.60952381e-01
5.55653236e-01
5.59438339e-01
5.62466422e-01
5.58681319e-01
5.59438339e-01
5.60195360e-01
5.61709402e-01
5.60195360e-01
5.60195360e-01
5.57924298e-01
5.63980464e-01
5.61709402e-01
5.59438339e-01
5.59438339e-01
5.59438339e-01
5.60952381e-01
5.58681319e-01
5.59438339e-01
5.61709402e-01
5.67765568e-01
5.58681319e-01
5.59438339e-01
5.62466422e-01
5.59438339e-01
5.57924298e-01
5.59438339e-01
5.58681319e-01
5.51868132e-01
5.62466422e-01
5.58681319e-01
5.60195360e-01
5.59438339e-01
5.62466422e-01
5.59438339e-01
5.59438339e-01
5.59438339e-01
5.59438339e-01
5.60952381e-01
5.60195360e-01
5.59438339e-01
5.61709402e-01
5.60195360e-01
5.62466422e-01
5.32942613e-01
5.53382173e-01
5.58681319e-01
5.68522589e-01
5.63980464e-01
