6.26056166e-01
6.26056166e-01
6.28327228e-01
6.23785104e-01
6.26813187e-01
6.26813187e-01
6.24542125e-01
6.28327228e-01
6.23785104e-01
6.27570208e-01
6.26813187e-01
6.26813187e-01
6.29084249e-01
6.26813187e-01
6.28327228e-01
6.26813187e-01
6.35897436e-01
6.26813187e-01
6.25299145e-01
5.81391941e-01
6.26813187e-01
6.27570208e-01
6.29084249e-01
6.26813187e-01
6.26056166e-01
6.26056166e-01
6.26056166e-01
6.27570208e-01
6.25299145e-01
6.23785104e-01
6.26813187e-01
6.26813187e-01
6.26056166e-01
6.25299145e-01
6.28327228e-01
6.25299145e-01
6.27570208e-01
6.26813187e-01
6.27570208e-01
6.37411477e-01
6.38925519e-01
6.38925519e-01
6.38168498e-01
6.38925519e-01
6.38168498e-01
6.38168498e-01
6.37411477e-01
6.38925519e-01
6.38168498e-01
6.38168498e-01
6.35897436e-01
6.38168498e-01
6.38925519e-01
6.38168498e-01
6.38925519e-01
6.38168498e-01
6.38925519e-01
6.38925519e-01
6.36654457e-01
6.38925519e-01
6.38925519e-01
