5.16288156e-01
5.14017094e-01
5.13260073e-01
5.13260073e-01
5.14774115e-01
5.14017094e-01
5.14017094e-01
5.18559219e-01
5.15531136e-01
5.14774115e-01
5.14017094e-01
5.23101343e-01
5.15531136e-01
5.13260073e-01
5.20073260e-01
5.05689866e-01
5.13260073e-01
5.14017094e-01
5.13260073e-01
5.12503053e-01
5.15531136e-01
5.14017094e-01
5.16288156e-01
5.13260073e-01
5.16288156e-01
5.14774115e-01
5.15531136e-01
5.14774115e-01
5.14017094e-01
5.16288156e-01
5.22344322e-01
5.10989011e-01
5.16288156e-01
5.16288156e-01
5.12503053e-01
5.14774115e-01
5.14774115e-01
5.16288156e-01
5.13260073e-01
5.16288156e-01
5.12503053e-01
5.16288156e-01
5.14017094e-01
5.14774115e-01
5.16288156e-01
5.23858364e-01
5.28400488e-01
5.14017094e-01
5.20073260e-01
5.10231990e-01
5.10989011e-01
5.14774115e-01
5.16288156e-01
5.15531136e-01
5.16288156e-01
5.14774115e-01
5.14774115e-01
5.14017094e-01
5.16288156e-01
5.14774115e-01
5.18559219e-01
5.14774115e-01
5.14017094e-01
5.17045177e-01
5.13260073e-01
5.15531136e-01
5.19316239e-01
5.13260073e-01
5.14774115e-01
5.10231990e-01
5.14774115e-01
5.10231990e-01
5.10989011e-01
5.14774115e-01
5.13260073e-01
5.15531136e-01
4.84493284e-01
5.20073260e-01
5.16288156e-01
5.20830281e-01
5.15531136e-01
5.14017094e-01
5.16288156e-01
5.14774115e-01
5.14774115e-01
5.16288156e-01
5.14017094e-01
5.14017094e-01
5.16288156e-01
5.11746032e-01
5.16288156e-01
5.10231990e-01
5.14017094e-01
5.14774115e-01
5.11746032e-01
5.11746032e-01
5.14017094e-01
5.13260073e-01
5.13260073e-01
5.14774115e-01
5.17045177e-01
5.14017094e-01
5.14017094e-01
5.14017094e-01
5.16288156e-01
5.15531136e-01
5.21587302e-01
5.14017094e-01
5.13260073e-01
5.13260073e-01
