1.18095238e+00
1.17792430e+00
1.18019536e+00
1.17943834e+00
1.18095238e+00
1.18019536e+00
1.18322344e+00
1.17792430e+00
1.17943834e+00
1.18019536e+00
1.18776557e+00
1.17716728e+00
1.17792430e+00
1.18322344e+00
1.18019536e+00
1.18019536e+00
1.18095238e+00
1.17489621e+00
1.18322344e+00
1.17413919e+00
1.17792430e+00
1.17413919e+00
1.17868132e+00
1.18019536e+00
1.18019536e+00
1.18019536e+00
1.17792430e+00
1.17868132e+00
1.17943834e+00
1.18019536e+00
1.18019536e+00
1.17868132e+00
1.18398046e+00
1.17565324e+00
1.18246642e+00
1.17489621e+00
1.17792430e+00
1.18095238e+00
1.18095238e+00
1.17943834e+00
1.18095238e+00
1.17489621e+00
1.18246642e+00
1.17489621e+00
1.17943834e+00
1.17716728e+00
1.17716728e+00
1.17792430e+00
1.17943834e+00
1.17943834e+00
1.17565324e+00
1.17943834e+00
1.17868132e+00
1.18246642e+00
1.17716728e+00
1.18019536e+00
1.17943834e+00
1.17943834e+00
1.16959707e+00
1.16808303e+00
1.17186813e+00
1.17792430e+00
1.17565324e+00
1.17792430e+00
1.17868132e+00
1.17868132e+00
1.17868132e+00
1.17565324e+00
1.18246642e+00
1.18019536e+00
1.17565324e+00
1.18019536e+00
1.18095238e+00
1.18019536e+00
1.18246642e+00
1.17792430e+00
1.19836386e+00
1.18095238e+00
1.18019536e+00
1.17413919e+00
1.17565324e+00
1.17641026e+00
1.17716728e+00
1.17943834e+00
1.17641026e+00
1.18019536e+00
1.18170940e+00
1.18473748e+00
1.18019536e+00
1.17792430e+00
1.17792430e+00
1.17868132e+00
1.17716728e+00
1.17943834e+00
1.18095238e+00
1.17716728e+00
1.17489621e+00
1.17641026e+00
1.17641026e+00
1.17943834e+00
1.17716728e+00
1.17716728e+00
1.17489621e+00
1.17716728e+00
1.18322344e+00
1.17792430e+00
1.17868132e+00
1.17641026e+00
1.18019536e+00
1.19003663e+00
1.17792430e+00
1.17716728e+00
1.17792430e+00
1.17716728e+00
