1.25438339e+00
1.25589744e+00
1.25211233e+00
1.25892552e+00
1.25211233e+00
1.25514042e+00
1.25362637e+00
1.25514042e+00
1.25362637e+00
1.25286935e+00
1.25211233e+00
1.25211233e+00
1.25286935e+00
1.26422466e+00
1.26346764e+00
1.25968254e+00
1.26422466e+00
1.25286935e+00
1.25286935e+00
1.25211233e+00
1.25211233e+00
1.25362637e+00
1.25968254e+00
1.26422466e+00
1.26043956e+00
1.26271062e+00
1.26573871e+00
1.28163614e+00
1.26422466e+00
1.25362637e+00
1.25286935e+00
1.25362637e+00
1.25665446e+00
1.26043956e+00
1.25514042e+00
1.25589744e+00
1.24681319e+00
1.24984127e+00
1.25211233e+00
1.25135531e+00
1.25362637e+00
1.25362637e+00
1.25211233e+00
1.25362637e+00
1.25438339e+00
1.25438339e+00
1.24832723e+00
1.25059829e+00
1.25362637e+00
1.25286935e+00
1.25059829e+00
1.25438339e+00
1.25059829e+00
1.25589744e+00
1.24075702e+00
1.27633700e+00
1.25362637e+00
1.24075702e+00
1.24227106e+00
1.24227106e+00
1.24908425e+00
1.24227106e+00
1.24378510e+00
1.24378510e+00
1.24302808e+00
1.24302808e+00
1.24302808e+00
1.24227106e+00
1.24151404e+00
1.24378510e+00
1.24984127e+00
1.25135531e+00
1.24227106e+00
1.24302808e+00
1.24302808e+00
1.24302808e+00
1.24227106e+00
1.24378510e+00
1.24151404e+00
1.24151404e+00
1.24378510e+00
1.24000000e+00
1.24302808e+00
1.24000000e+00
1.24227106e+00
1.24454212e+00
1.24151404e+00
1.24302808e+00
1.24075702e+00
1.24529915e+00
1.24302808e+00
1.24378510e+00
1.24454212e+00
1.24302808e+00
1.24302808e+00
1.24227106e+00
1.24378510e+00
1.24302808e+00
1.24454212e+00
1.24378510e+00
1.24227106e+00
1.25211233e+00
1.24757021e+00
1.25135531e+00
1.25362637e+00
1.25438339e+00
1.25514042e+00
1.24984127e+00
1.25362637e+00
1.26876679e+00
1.25211233e+00
1.25741148e+00
1.25135531e+00
1.25286935e+00
1.25211233e+00
1.24908425e+00
1.25211233e+00
1.25362637e+00
