1.76461538e+00
1.76310134e+00
1.76612943e+00
1.77597070e+00
1.76385836e+00
1.76688645e+00
1.76234432e+00
1.76688645e+00
1.76310134e+00
1.76461538e+00
1.76234432e+00
1.76612943e+00
1.76688645e+00
1.76612943e+00
1.76158730e+00
1.76612943e+00
1.77142857e+00
1.76461538e+00
1.76612943e+00
1.76612943e+00
1.76688645e+00
1.76234432e+00
1.76461538e+00
1.76310134e+00
1.76764347e+00
1.76007326e+00
1.76310134e+00
1.78429792e+00
1.76234432e+00
1.76688645e+00
1.76083028e+00
1.77218559e+00
1.77067155e+00
1.76612943e+00
1.76840049e+00
1.76234432e+00
1.76234432e+00
1.76234432e+00
1.76385836e+00
1.76764347e+00
1.76915751e+00
1.76537241e+00
1.76158730e+00
1.76461538e+00
1.76688645e+00
1.76385836e+00
1.76385836e+00
1.76612943e+00
1.76537241e+00
1.76840049e+00
1.76461538e+00
1.76612943e+00
1.76537241e+00
1.76385836e+00
1.76764347e+00
1.76764347e+00
1.76385836e+00
1.89860806e+00
1.76612943e+00
1.76991453e+00
1.76688645e+00
1.76688645e+00
1.76461538e+00
1.76764347e+00
1.76840049e+00
1.77294261e+00
1.76688645e+00
1.76840049e+00
1.76764347e+00
1.76764347e+00
1.76537241e+00
1.76688645e+00
1.93115995e+00
1.76764347e+00
1.76915751e+00
1.76764347e+00
1.75931624e+00
1.76461538e+00
1.76461538e+00
1.76461538e+00
1.76385836e+00
1.76537241e+00
1.76461538e+00
1.76764347e+00
1.76461538e+00
1.76461538e+00
1.76764347e+00
1.76764347e+00
1.76612943e+00
1.76537241e+00
1.76991453e+00
1.76612943e+00
1.76537241e+00
1.76612943e+00
1.76915751e+00
1.76385836e+00
1.76461538e+00
1.76461538e+00
1.76385836e+00
1.76612943e+00
1.76764347e+00
1.76385836e+00
1.76007326e+00
1.92510379e+00
1.76764347e+00
1.76688645e+00
1.76385836e+00
1.76234432e+00
1.76234432e+00
1.76688645e+00
1.76688645e+00
1.76461538e+00
1.76310134e+00
1.76310134e+00
1.76688645e+00
1.76461538e+00
1.76612943e+00
1.76915751e+00
1.76310134e+00
1.76764347e+00
