1.32781441e+00
1.32705739e+00
1.33235653e+00
1.32781441e+00
1.32554335e+00
1.32478632e+00
1.32554335e+00
1.32705739e+00
1.33008547e+00
1.32705739e+00
1.32554335e+00
1.33159951e+00
1.33008547e+00
1.32630037e+00
1.32402930e+00
1.32857143e+00
1.32251526e+00
1.33311355e+00
1.33614164e+00
1.32857143e+00
1.33311355e+00
1.33311355e+00
1.33159951e+00
1.32932845e+00
1.32857143e+00
1.32781441e+00
1.32781441e+00
1.33008547e+00
1.33008547e+00
1.33311355e+00
1.32554335e+00
1.32781441e+00
1.32857143e+00
1.32857143e+00
1.32857143e+00
1.33008547e+00
1.32857143e+00
1.32932845e+00
1.33008547e+00
1.32857143e+00
1.32857143e+00
1.33159951e+00
1.32251526e+00
1.32554335e+00
1.33765568e+00
1.32554335e+00
1.32857143e+00
1.33387057e+00
1.32857143e+00
1.32554335e+00
1.32932845e+00
1.32705739e+00
1.32857143e+00
1.32857143e+00
1.32554335e+00
1.32857143e+00
1.32781441e+00
1.32857143e+00
1.32630037e+00
1.32781441e+00
1.32932845e+00
1.32857143e+00
1.32478632e+00
1.32554335e+00
1.33614164e+00
1.32705739e+00
1.33235653e+00
1.32554335e+00
1.32630037e+00
1.32554335e+00
1.32630037e+00
1.32932845e+00
1.32932845e+00
1.32857143e+00
1.32630037e+00
1.32478632e+00
1.32932845e+00
1.32781441e+00
1.32554335e+00
1.33992674e+00
1.32857143e+00
1.32478632e+00
1.32781441e+00
1.32932845e+00
1.32554335e+00
1.33159951e+00
1.32781441e+00
1.32705739e+00
1.33008547e+00
1.32857143e+00
1.32932845e+00
1.33084249e+00
1.32857143e+00
1.33235653e+00
1.32554335e+00
1.33462759e+00
1.32781441e+00
1.32857143e+00
1.32857143e+00
1.32554335e+00
1.32705739e+00
1.33008547e+00
1.32781441e+00
1.33008547e+00
1.32857143e+00
1.32781441e+00
1.32932845e+00
1.32705739e+00
1.32932845e+00
1.33387057e+00
1.32932845e+00
1.32630037e+00
