1.58595849e+00
1.58368742e+00
1.58822955e+00
1.60109890e+00
1.58822955e+00
1.58520147e+00
1.58595849e+00
1.58822955e+00
1.58822955e+00
1.58898657e+00
1.58595849e+00
1.58671551e+00
1.58293040e+00
1.58822955e+00
1.58974359e+00
1.58671551e+00
1.58747253e+00
1.59125763e+00
1.58595849e+00
1.58747253e+00
1.58822955e+00
1.58520147e+00
1.58747253e+00
1.59125763e+00
1.58520147e+00
1.58444444e+00
1.58898657e+00
1.58974359e+00
1.58671551e+00
1.58520147e+00
1.59655678e+00
1.58595849e+00
1.58368742e+00
1.59050061e+00
1.58595849e+00
1.58520147e+00
1.58898657e+00
1.58595849e+00
1.59050061e+00
1.58595849e+00
1.59504274e+00
1.59125763e+00
1.58898657e+00
1.58747253e+00
1.58520147e+00
1.58822955e+00
1.58747253e+00
1.58747253e+00
1.58822955e+00
1.58671551e+00
1.58595849e+00
1.58898657e+00
1.58671551e+00
1.58974359e+00
1.58822955e+00
1.59050061e+00
1.58898657e+00
1.58747253e+00
1.58671551e+00
1.58974359e+00
1.58595849e+00
1.59201465e+00
1.59125763e+00
1.58822955e+00
1.59428571e+00
1.58595849e+00
1.58595849e+00
1.58747253e+00
1.58822955e+00
1.58747253e+00
1.59050061e+00
1.58747253e+00
1.58974359e+00
1.58671551e+00
1.57460317e+00
1.58595849e+00
1.58898657e+00
1.58293040e+00
1.58898657e+00
1.58217338e+00
1.59579976e+00
1.58671551e+00
1.58595849e+00
1.58595849e+00
1.58822955e+00
1.59125763e+00
1.58747253e+00
1.58520147e+00
1.58595849e+00
1.58595849e+00
1.58974359e+00
1.58595849e+00
1.59050061e+00
1.58595849e+00
1.58747253e+00
1.59655678e+00
1.59125763e+00
1.58671551e+00
1.57838828e+00
1.57611722e+00
1.58898657e+00
1.58747253e+00
1.58595849e+00
1.57687424e+00
1.57763126e+00
1.58595849e+00
1.58898657e+00
1.58595849e+00
1.58671551e+00
1.58595849e+00
1.58368742e+00
1.57687424e+00
1.57914530e+00
1.58747253e+00
1.59050061e+00
1.58974359e+00
