4.90549451e-01
4.91306471e-01
5.14017094e-01
4.85250305e-01
4.92820513e-01
4.90549451e-01
5.01904762e-01
4.92820513e-01
4.92820513e-01
4.81465201e-01
4.80708181e-01
4.80708181e-01
4.92820513e-01
4.93577534e-01
4.92820513e-01
4.92063492e-01
4.92820513e-01
4.88278388e-01
4.95091575e-01
4.94334554e-01
4.91306471e-01
4.92063492e-01
4.90549451e-01
4.92820513e-01
4.81465201e-01
4.78437118e-01
4.81465201e-01
4.98119658e-01
4.90549451e-01
4.92063492e-01
4.97362637e-01
4.86764347e-01
4.93577534e-01
4.93577534e-01
4.92820513e-01
4.95091575e-01
4.93577534e-01
4.92063492e-01
4.89035409e-01
4.95848596e-01
4.89792430e-01
4.92820513e-01
4.91306471e-01
4.96605617e-01
4.91306471e-01
4.98876679e-01
4.92063492e-01
4.92820513e-01
4.89792430e-01
4.86007326e-01
4.79194139e-01
4.79951160e-01
4.93577534e-01
4.91306471e-01
4.93577534e-01
4.82222222e-01
4.78437118e-01
4.93577534e-01
4.90549451e-01
4.92820513e-01
4.91306471e-01
4.89792430e-01
4.92820513e-01
4.92820513e-01
4.95848596e-01
4.81465201e-01
4.81465201e-01
4.92820513e-01
4.83736264e-01
4.80708181e-01
4.92820513e-01
4.95848596e-01
4.95848596e-01
4.91306471e-01
4.95091575e-01
4.92820513e-01
4.90549451e-01
4.93577534e-01
4.92820513e-01
4.82979243e-01
4.95091575e-01
4.90549451e-01
4.91306471e-01
4.92820513e-01
4.92063492e-01
4.92820513e-01
4.92063492e-01
4.93577534e-01
4.87521368e-01
4.92820513e-01
4.82222222e-01
4.82222222e-01
4.78437118e-01
4.94334554e-01
4.89035409e-01
4.95091575e-01
4.97362637e-01
4.92063492e-01
4.93577534e-01
4.92063492e-01
4.79194139e-01
4.79194139e-01
4.94334554e-01
