1.82820513e+00
1.82669109e+00
1.82896215e+00
1.82669109e+00
1.82820513e+00
1.82744811e+00
1.82820513e+00
1.99626374e+00
1.82744811e+00
1.82896215e+00
1.82820513e+00
1.82744811e+00
1.83123321e+00
1.82593407e+00
1.82820513e+00
1.82820513e+00
1.81912088e+00
1.82290598e+00
1.82820513e+00
1.82744811e+00
1.82971917e+00
1.82896215e+00
1.82896215e+00
1.82744811e+00
1.82820513e+00
1.83577534e+00
1.82971917e+00
1.99702076e+00
1.82820513e+00
1.98112332e+00
1.98036630e+00
1.82290598e+00
1.83199023e+00
1.82593407e+00
1.82517705e+00
1.83047619e+00
1.82896215e+00
1.99626374e+00
1.82820513e+00
1.82820513e+00
1.82820513e+00
1.82820513e+00
1.83123321e+00
1.82593407e+00
1.83199023e+00
1.83123321e+00
1.82971917e+00
1.82971917e+00
1.82593407e+00
1.82820513e+00
1.82820513e+00
1.82820513e+00
1.82669109e+00
1.83123321e+00
1.82744811e+00
1.83350427e+00
1.82744811e+00
1.83199023e+00
1.82820513e+00
1.82896215e+00
1.82896215e+00
1.82744811e+00
1.82971917e+00
1.82744811e+00
1.83426129e+00
1.82820513e+00
1.82744811e+00
1.82442002e+00
1.82896215e+00
1.99399267e+00
1.82669109e+00
1.82593407e+00
1.82820513e+00
1.82744811e+00
1.82820513e+00
1.82896215e+00
1.82820513e+00
1.82820513e+00
1.82669109e+00
1.82517705e+00
1.82971917e+00
1.82896215e+00
1.82744811e+00
1.82669109e+00
1.82820513e+00
1.82744811e+00
1.82744811e+00
1.82669109e+00
1.82744811e+00
1.82896215e+00
1.83426129e+00
1.83123321e+00
1.82820513e+00
1.83199023e+00
1.99702076e+00
1.82214896e+00
1.82971917e+00
1.83123321e+00
1.99474969e+00
1.82820513e+00
1.82744811e+00
1.82442002e+00
1.82744811e+00
1.82744811e+00
1.82896215e+00
1.82669109e+00
1.82896215e+00
1.82744811e+00
1.82896215e+00
1.82744811e+00
1.82744811e+00
1.82669109e+00
1.83123321e+00
1.82744811e+00
1.82820513e+00
1.82744811e+00
1.83653236e+00
1.82896215e+00
1.82896215e+00
1.82971917e+00
1.82896215e+00
1.82896215e+00
1.82593407e+00
1.82896215e+00
1.82820513e+00
