8.78144078e-01
8.73601954e-01
8.82686203e-01
8.77387057e-01
8.81929182e-01
8.78144078e-01
8.73601954e-01
8.88742369e-01
8.72087912e-01
8.80415140e-01
8.75873016e-01
8.83443223e-01
8.80415140e-01
8.78901099e-01
8.77387057e-01
8.79658120e-01
8.78901099e-01
8.80415140e-01
8.80415140e-01
8.77387057e-01
8.77387057e-01
8.72087912e-01
8.78144078e-01
8.88742369e-01
8.89499389e-01
8.92527473e-01
8.88742369e-01
8.97826618e-01
8.78144078e-01
8.82686203e-01
8.81172161e-01
8.78901099e-01
8.77387057e-01
8.90256410e-01
8.92527473e-01
8.81929182e-01
8.79658120e-01
8.78144078e-01
8.91013431e-01
8.91013431e-01
8.87228327e-01
8.90256410e-01
8.88742369e-01
8.99340659e-01
8.93284493e-01
8.89499389e-01
8.91770452e-01
8.86471306e-01
8.85714286e-01
8.90256410e-01
8.89499389e-01
8.87985348e-01
8.97826618e-01
8.92527473e-01
8.90256410e-01
8.87228327e-01
8.90256410e-01
8.89499389e-01
8.87985348e-01
8.84200244e-01
8.91013431e-01
8.87985348e-01
8.87228327e-01
8.88742369e-01
8.89499389e-01
8.87228327e-01
8.95555556e-01
8.87985348e-01
8.88742369e-01
8.86471306e-01
8.91013431e-01
8.87985348e-01
8.89499389e-01
8.90256410e-01
8.94798535e-01
8.91770452e-01
8.89499389e-01
8.90256410e-01
8.85714286e-01
8.85714286e-01
8.89499389e-01
8.89499389e-01
8.88742369e-01
8.91013431e-01
8.88742369e-01
8.92527473e-01
8.94041514e-01
8.89499389e-01
8.91770452e-01
8.87228327e-01
8.89499389e-01
8.88742369e-01
8.89499389e-01
8.91770452e-01
9.00097680e-01
8.88742369e-01
8.87985348e-01
8.91770452e-01
8.86471306e-01
8.88742369e-01
8.87985348e-01
8.85714286e-01
8.97826618e-01
8.84957265e-01
8.87228327e-01
8.90256410e-01
8.88742369e-01
8.92527473e-01
8.88742369e-01
8.83443223e-01
8.88742369e-01
8.89499389e-01
8.91013431e-01
8.88742369e-01
8.72087912e-01
8.90256410e-01
8.90256410e-01
8.91013431e-01
8.90256410e-01
8.89499389e-01
