1.83274725e+00
1.83123321e+00
1.82744811e+00
1.82896215e+00
1.82820513e+00
1.82896215e+00
1.84561661e+00
1.81987790e+00
1.84334554e+00
1.82820513e+00
1.83047619e+00
1.82593407e+00
1.82517705e+00
1.82517705e+00
1.82896215e+00
1.82820513e+00
1.82744811e+00
1.83350427e+00
1.82820513e+00
1.82896215e+00
1.82744811e+00
1.82744811e+00
1.82669109e+00
1.83047619e+00
1.82517705e+00
1.82971917e+00
1.82820513e+00
1.82517705e+00
1.82820513e+00
1.82820513e+00
1.82669109e+00
1.82669109e+00
1.82820513e+00
1.82820513e+00
1.82896215e+00
1.82669109e+00
1.83501832e+00
1.82820513e+00
1.98415140e+00
1.82442002e+00
1.99853480e+00
1.82669109e+00
1.82820513e+00
1.82896215e+00
1.82896215e+00
1.99323565e+00
1.82820513e+00
1.82669109e+00
1.82442002e+00
1.82744811e+00
1.82820513e+00
1.82820513e+00
1.82820513e+00
1.82820513e+00
1.83047619e+00
1.82517705e+00
1.82820513e+00
1.82820513e+00
1.82744811e+00
1.99626374e+00
1.99550672e+00
1.82896215e+00
1.82971917e+00
1.99929182e+00
1.82820513e+00
1.82517705e+00
1.82744811e+00
1.82744811e+00
1.82820513e+00
1.82820513e+00
1.82820513e+00
1.82896215e+00
1.82442002e+00
1.82820513e+00
1.82820513e+00
1.82896215e+00
1.82669109e+00
1.83047619e+00
1.97658120e+00
1.99702076e+00
1.82669109e+00
1.82896215e+00
1.82593407e+00
1.82820513e+00
1.82744811e+00
1.82669109e+00
1.84031746e+00
1.82669109e+00
1.82820513e+00
1.83728938e+00
1.84410256e+00
1.99777778e+00
1.82669109e+00
1.99474969e+00
1.98263736e+00
1.99474969e+00
1.97128205e+00
1.82669109e+00
1.83577534e+00
1.83047619e+00
1.82669109e+00
1.82896215e+00
1.82593407e+00
1.82744811e+00
1.82744811e+00
1.82744811e+00
1.82896215e+00
1.82744811e+00
1.82896215e+00
1.83350427e+00
1.82517705e+00
1.83350427e+00
1.82744811e+00
1.99096459e+00
1.99399267e+00
1.82820513e+00
1.82744811e+00
1.82669109e+00
1.83047619e+00
1.82896215e+00
1.82593407e+00
1.83199023e+00
1.82669109e+00
1.82820513e+00
