1.11509158e+00
1.11887668e+00
9.77313797e-01
9.78827839e-01
1.11660562e+00
1.09162393e+00
9.78070818e-01
9.74285714e-01
9.80341880e-01
9.76556777e-01
9.78827839e-01
9.76556777e-01
9.78070818e-01
9.78827839e-01
1.11584860e+00
9.78070818e-01
9.77313797e-01
9.79584860e-01
9.80341880e-01
9.76556777e-01
9.83369963e-01
9.87912088e-01
9.75042735e-01
9.74285714e-01
1.11584860e+00
9.82612943e-01
1.11584860e+00
9.78070818e-01
9.78827839e-01
9.77313797e-01
9.78070818e-01
9.77313797e-01
9.78070818e-01
9.77313797e-01
9.78827839e-01
9.79584860e-01
1.09843712e+00
1.11130647e+00
9.81855922e-01
9.78827839e-01
9.76556777e-01
1.11509158e+00
9.77313797e-01
9.78070818e-01
1.11054945e+00
1.06588523e+00
9.85641026e-01
9.80341880e-01
9.87155067e-01
1.11887668e+00
9.76556777e-01
9.74285714e-01
1.11887668e+00
9.78827839e-01
1.11660562e+00
9.76556777e-01
9.77313797e-01
9.74285714e-01
9.79584860e-01
9.74285714e-01
9.78070818e-01
9.78827839e-01
9.77313797e-01
9.78827839e-01
9.78070818e-01
9.77313797e-01
9.75799756e-01
9.80341880e-01
9.79584860e-01
9.76556777e-01
9.77313797e-01
9.71257631e-01
9.74285714e-01
9.77313797e-01
9.78070818e-01
9.85641026e-01
9.81098901e-01
9.76556777e-01
9.68229548e-01
1.10373626e+00
9.67472527e-01
9.77313797e-01
9.78070818e-01
9.77313797e-01
9.80341880e-01
9.75799756e-01
9.80341880e-01
9.78827839e-01
9.79584860e-01
9.78070818e-01
9.79584860e-01
9.78070818e-01
1.08935287e+00
9.78827839e-01
1.10827839e+00
1.11282051e+00
9.78070818e-01
9.78070818e-01
9.78827839e-01
9.77313797e-01
9.80341880e-01
9.75042735e-01
9.77313797e-01
9.76556777e-01
9.80341880e-01
9.75042735e-01
1.11660562e+00
9.75799756e-01
9.78827839e-01
9.78827839e-01
9.76556777e-01
9.76556777e-01
9.77313797e-01
9.75042735e-01
9.73528694e-01
9.79584860e-01
9.75042735e-01
9.75799756e-01
9.78827839e-01
9.77313797e-01
9.78070818e-01
9.78070818e-01
9.80341880e-01
9.80341880e-01
9.75799756e-01
