1.00305250e+00
1.00229548e+00
1.00532357e+00
1.00078144e+00
1.01062271e+00
1.01213675e+00
1.01667888e+00
1.00002442e+00
1.00002442e+00
1.01062271e+00
1.01289377e+00
1.00229548e+00
9.98510379e-01
1.00153846e+00
1.00153846e+00
1.00229548e+00
1.00456654e+00
1.15218559e+00
1.01365079e+00
1.00153846e+00
1.00229548e+00
1.00153846e+00
9.99267399e-01
1.00078144e+00
1.00229548e+00
1.00078144e+00
1.00229548e+00
1.00153846e+00
1.00153846e+00
1.00229548e+00
1.00002442e+00
1.01440781e+00
1.01365079e+00
1.01213675e+00
1.14688645e+00
1.14840049e+00
1.01213675e+00
1.01137973e+00
1.01213675e+00
1.00078144e+00
1.14915751e+00
1.01289377e+00
1.01137973e+00
1.15975580e+00
1.00153846e+00
9.98510379e-01
1.00153846e+00
1.15294261e+00
1.14991453e+00
1.00153846e+00
1.00002442e+00
1.01667888e+00
1.01289377e+00
1.01213675e+00
1.00986569e+00
1.16505495e+00
1.00835165e+00
1.03787546e+00
1.00910867e+00
9.99267399e-01
1.00229548e+00
1.00380952e+00
1.00002442e+00
1.00078144e+00
1.01137973e+00
1.01289377e+00
1.01516484e+00
1.00986569e+00
1.01062271e+00
1.01062271e+00
1.01213675e+00
1.01516484e+00
1.01289377e+00
1.00456654e+00
1.00910867e+00
1.01062271e+00
1.01062271e+00
1.01289377e+00
1.01289377e+00
1.00229548e+00
1.00078144e+00
1.01289377e+00
1.01137973e+00
1.00759463e+00
1.01667888e+00
1.00986569e+00
1.01137973e+00
1.01365079e+00
1.04014652e+00
9.97753358e-01
1.00078144e+00
1.01592186e+00
1.01213675e+00
1.01365079e+00
1.00002442e+00
9.98510379e-01
1.00229548e+00
9.92454212e-01
1.00153846e+00
1.01365079e+00
1.00532357e+00
1.01213675e+00
1.01440781e+00
1.01062271e+00
1.01289377e+00
1.01062271e+00
1.01365079e+00
1.01213675e+00
1.01289377e+00
1.00986569e+00
1.01894994e+00
1.01440781e+00
1.01213675e+00
1.02046398e+00
9.68986569e-01
9.97753358e-01
1.00305250e+00
1.00986569e+00
1.16278388e+00
1.16202686e+00
1.02046398e+00
1.01516484e+00
1.01365079e+00
1.01213675e+00
1.16202686e+00
1.01365079e+00
